======== ABC command line "source node_ret/v6.script"
DEBUG: Node retention after read_blif:
Global vNodeRetention map (560 entries):
  ID 1: ys__n7
  ID 2: ys__n8
  ID 3: ys__n11
  ID 4: ys__n17
  ID 5: ys__n19
  ID 6: ys__n25
  ID 7: ys__n27
  ID 8: ys__n33
  ID 9: ys__n35
  ID 10: ys__n41
  ID 11: ys__n43
  ID 12: ys__n49
  ID 13: ys__n51
  ID 14: ys__n57
  ID 15: ys__n59
  ID 16: ys__n65
  ID 17: ys__n67
  ID 18: ys__n73
  ID 19: ys__n75
  ID 20: ys__n81
  ID 21: ys__n83
  ID 22: ys__n89
  ID 23: ys__n91
  ID 24: ys__n97
  ID 25: ys__n99
  ID 26: ys__n105
  ID 27: ys__n107
  ID 28: ys__n113
  ID 29: ys__n115
  ID 30: ys__n121
  ID 31: ys__n123
  ID 32: ys__n129
  ID 33: ys__n131
  ID 34: ys__n137
  ID 35: ys__n139
  ID 36: ys__n145
  ID 37: ys__n147
  ID 38: ys__n153
  ID 39: ys__n155
  ID 40: ys__n161
  ID 41: ys__n163
  ID 42: ys__n169
  ID 43: ys__n171
  ID 44: ys__n177
  ID 45: ys__n179
  ID 46: ys__n185
  ID 47: ys__n187
  ID 48: ys__n193
  ID 49: ys__n195
  ID 50: ys__n201
  ID 51: ys__n203
  ID 52: ys__n209
  ID 53: ys__n211
  ID 54: ys__n217
  ID 55: ys__n219
  ID 56: ys__n225
  ID 57: ys__n227
  ID 58: ys__n233
  ID 59: ys__n235
  ID 60: ys__n241
  ID 61: ys__n243
  ID 62: ys__n249
  ID 63: ys__n251
  ID 64: ys__n257
  ID 65: ys__n259
  ID 66: ys__n260
  ID 67: ys__n264
  ID 68: ys__n267
  ID 69: ys__n279
  ID 70: ys__n293
  ID 71: ys__n304
  ID 72: ys__n314
  ID 73: ys__n324
  ID 74: ys__n334
  ID 75: ys__n342
  ID 76: ys__n350
  ID 77: ys__n363
  ID 78: ys__n373
  ID 79: ys__n383
  ID 80: ys__n393
  ID 81: ys__n403
  ID 82: ys__n411
  ID 83: ys__n419
  ID 84: ys__n431
  ID 85: ys__n439
  ID 86: ys__n447
  ID 87: ys__n521
  ID 88: ys__n522
  ID 89: ys__n3
  ID 90: ys__n13
  ID 91: ys__n21
  ID 92: ys__n29
  ID 93: ys__n37
  ID 94: ys__n45
  ID 95: ys__n53
  ID 96: ys__n61
  ID 97: ys__n69
  ID 98: ys__n77
  ID 99: ys__n85
  ID 100: ys__n93
  ID 101: ys__n101
  ID 102: ys__n109
  ID 103: ys__n117
  ID 104: ys__n125
  ID 105: ys__n133
  ID 106: ys__n141
  ID 107: ys__n149
  ID 108: ys__n157
  ID 109: ys__n165
  ID 110: ys__n173
  ID 111: ys__n181
  ID 112: ys__n189
  ID 113: ys__n197
  ID 114: ys__n205
  ID 115: ys__n213
  ID 116: ys__n221
  ID 117: ys__n229
  ID 118: ys__n237
  ID 119: ys__n245
  ID 120: ys__n253
  ID 121: ys__n265
  ID 122: ys__n268
  ID 123: ys__n270
  ID 124: ys__n506
  ID 125: ys__n294
  ID 126: ys__n351
  ID 127: ys__n0
  ID 128: ys__n1
  ID 129: ys__n2
  ID 130: ys__n3
  ID 131: ys__n4
  ID 132: ys__n5
  ID 133: ys__n6
  ID 134: ys__n9
  ID 135: ys__n10
  ID 136: ys__n12
  ID 137: ys__n13
  ID 138: ys__n14
  ID 139: ys__n15
  ID 140: ys__n16
  ID 141: ys__n18
  ID 142: ys__n20
  ID 143: ys__n21
  ID 144: ys__n22
  ID 145: ys__n23
  ID 146: ys__n24
  ID 147: ys__n26
  ID 148: ys__n28
  ID 149: ys__n29
  ID 150: ys__n30
  ID 151: ys__n31
  ID 152: ys__n32
  ID 153: ys__n34
  ID 154: ys__n36
  ID 155: ys__n37
  ID 156: ys__n38
  ID 157: ys__n39
  ID 158: ys__n40
  ID 159: ys__n42
  ID 160: ys__n44
  ID 161: ys__n45
  ID 162: ys__n46
  ID 163: ys__n47
  ID 164: ys__n48
  ID 165: ys__n50
  ID 166: ys__n52
  ID 167: ys__n53
  ID 168: ys__n54
  ID 169: ys__n55
  ID 170: ys__n56
  ID 171: ys__n58
  ID 172: ys__n60
  ID 173: ys__n61
  ID 174: ys__n62
  ID 175: ys__n63
  ID 176: ys__n64
  ID 177: ys__n66
  ID 178: ys__n68
  ID 179: ys__n69
  ID 180: ys__n70
  ID 181: ys__n71
  ID 182: ys__n72
  ID 183: ys__n74
  ID 184: ys__n76
  ID 185: ys__n77
  ID 186: ys__n78
  ID 187: ys__n79
  ID 188: ys__n80
  ID 189: ys__n82
  ID 190: ys__n84
  ID 191: ys__n85
  ID 192: ys__n86
  ID 193: ys__n87
  ID 194: ys__n88
  ID 195: ys__n90
  ID 196: ys__n92
  ID 197: ys__n93
  ID 198: ys__n94
  ID 199: ys__n95
  ID 200: ys__n96
  ID 201: ys__n98
  ID 202: ys__n100
  ID 203: ys__n101
  ID 204: ys__n102
  ID 205: ys__n103
  ID 206: ys__n104
  ID 207: ys__n106
  ID 208: ys__n108
  ID 209: ys__n109
  ID 210: ys__n110
  ID 211: ys__n111
  ID 212: ys__n112
  ID 213: ys__n114
  ID 214: ys__n116
  ID 215: ys__n117
  ID 216: ys__n118
  ID 217: ys__n119
  ID 218: ys__n120
  ID 219: ys__n122
  ID 220: ys__n124
  ID 221: ys__n125
  ID 222: ys__n126
  ID 223: ys__n127
  ID 224: ys__n128
  ID 225: ys__n130
  ID 226: ys__n132
  ID 227: ys__n133
  ID 228: ys__n134
  ID 229: ys__n135
  ID 230: ys__n136
  ID 231: ys__n138
  ID 232: ys__n140
  ID 233: ys__n141
  ID 234: ys__n142
  ID 235: ys__n143
  ID 236: ys__n144
  ID 237: ys__n146
  ID 238: ys__n148
  ID 239: ys__n149
  ID 240: ys__n150
  ID 241: ys__n151
  ID 242: ys__n152
  ID 243: ys__n154
  ID 244: ys__n156
  ID 245: ys__n157
  ID 246: ys__n158
  ID 247: ys__n159
  ID 248: ys__n160
  ID 249: ys__n162
  ID 250: ys__n164
  ID 251: ys__n165
  ID 252: ys__n166
  ID 253: ys__n167
  ID 254: ys__n168
  ID 255: ys__n170
  ID 256: ys__n172
  ID 257: ys__n173
  ID 258: ys__n174
  ID 259: ys__n175
  ID 260: ys__n176
  ID 261: ys__n178
  ID 262: ys__n180
  ID 263: ys__n181
  ID 264: ys__n182
  ID 265: ys__n183
  ID 266: ys__n184
  ID 267: ys__n186
  ID 268: ys__n188
  ID 269: ys__n189
  ID 270: ys__n190
  ID 271: ys__n191
  ID 272: ys__n192
  ID 273: ys__n194
  ID 274: ys__n196
  ID 275: ys__n197
  ID 276: ys__n198
  ID 277: ys__n199
  ID 278: ys__n200
  ID 279: ys__n202
  ID 280: ys__n204
  ID 281: ys__n205
  ID 282: ys__n206
  ID 283: ys__n207
  ID 284: ys__n208
  ID 285: ys__n210
  ID 286: ys__n212
  ID 287: ys__n213
  ID 288: ys__n214
  ID 289: ys__n215
  ID 290: ys__n216
  ID 291: ys__n218
  ID 292: ys__n220
  ID 293: ys__n221
  ID 294: ys__n222
  ID 295: ys__n223
  ID 296: ys__n224
  ID 297: ys__n226
  ID 298: ys__n228
  ID 299: ys__n229
  ID 300: ys__n230
  ID 301: ys__n231
  ID 302: ys__n232
  ID 303: ys__n234
  ID 304: ys__n236
  ID 305: ys__n237
  ID 306: ys__n238
  ID 307: ys__n239
  ID 308: ys__n240
  ID 309: ys__n242
  ID 310: ys__n244
  ID 311: ys__n245
  ID 312: ys__n246
  ID 313: ys__n247
  ID 314: ys__n248
  ID 315: ys__n250
  ID 316: ys__n252
  ID 317: ys__n253
  ID 318: ys__n254
  ID 319: ys__n255
  ID 320: ys__n256
  ID 321: ys__n258
  ID 322: ys__n261
  ID 323: ys__n262
  ID 324: ys__n263
  ID 325: ys__n265
  ID 326: ys__n266
  ID 327: ys__n268
  ID 328: ys__n269
  ID 329: ys__n270
  ID 330: ys__n271
  ID 331: ys__n272
  ID 332: ys__n273
  ID 333: ys__n274
  ID 334: ys__n275
  ID 335: ys__n276
  ID 336: ys__n277
  ID 337: ys__n278
  ID 338: ys__n280
  ID 339: ys__n281
  ID 340: ys__n282
  ID 341: ys__n283
  ID 342: ys__n284
  ID 343: ys__n285
  ID 344: ys__n286
  ID 345: ys__n287
  ID 346: ys__n288
  ID 347: ys__n289
  ID 348: ys__n290
  ID 349: ys__n291
  ID 350: ys__n292
  ID 351: ys__n295
  ID 352: ys__n296
  ID 353: ys__n297
  ID 354: ys__n298
  ID 355: ys__n299
  ID 356: ys__n300
  ID 357: ys__n301
  ID 358: ys__n302
  ID 359: ys__n303
  ID 360: ys__n305
  ID 361: ys__n306
  ID 362: ys__n307
  ID 363: ys__n308
  ID 364: ys__n309
  ID 365: ys__n310
  ID 366: ys__n311
  ID 367: ys__n312
  ID 368: ys__n313
  ID 369: ys__n315
  ID 370: ys__n316
  ID 371: ys__n317
  ID 372: ys__n318
  ID 373: ys__n319
  ID 374: ys__n320
  ID 375: ys__n321
  ID 376: ys__n322
  ID 377: ys__n323
  ID 378: ys__n325
  ID 379: ys__n326
  ID 380: ys__n327
  ID 381: ys__n328
  ID 382: ys__n329
  ID 383: ys__n330
  ID 384: ys__n331
  ID 385: ys__n332
  ID 386: ys__n333
  ID 387: ys__n335
  ID 388: ys__n336
  ID 389: ys__n337
  ID 390: ys__n338
  ID 391: ys__n339
  ID 392: ys__n340
  ID 393: ys__n341
  ID 394: ys__n343
  ID 395: ys__n344
  ID 396: ys__n345
  ID 397: ys__n346
  ID 398: ys__n347
  ID 399: ys__n348
  ID 400: ys__n349
  ID 401: ys__n352
  ID 402: ys__n353
  ID 403: ys__n354
  ID 404: ys__n355
  ID 405: ys__n356
  ID 406: ys__n357
  ID 407: ys__n358
  ID 408: ys__n359
  ID 409: ys__n360
  ID 410: ys__n361
  ID 411: ys__n362
  ID 412: ys__n364
  ID 413: ys__n365
  ID 414: ys__n366
  ID 415: ys__n367
  ID 416: ys__n368
  ID 417: ys__n369
  ID 418: ys__n370
  ID 419: ys__n371
  ID 420: ys__n372
  ID 421: ys__n374
  ID 422: ys__n375
  ID 423: ys__n376
  ID 424: ys__n377
  ID 425: ys__n378
  ID 426: ys__n379
  ID 427: ys__n380
  ID 428: ys__n381
  ID 429: ys__n382
  ID 430: ys__n384
  ID 431: ys__n385
  ID 432: ys__n386
  ID 433: ys__n387
  ID 434: ys__n388
  ID 435: ys__n389
  ID 436: ys__n390
  ID 437: ys__n391
  ID 438: ys__n392
  ID 439: ys__n394
  ID 440: ys__n395
  ID 441: ys__n396
  ID 442: ys__n397
  ID 443: ys__n398
  ID 444: ys__n399
  ID 445: ys__n400
  ID 446: ys__n401
  ID 447: ys__n402
  ID 448: ys__n404
  ID 449: ys__n405
  ID 450: ys__n406
  ID 451: ys__n407
  ID 452: ys__n408
  ID 453: ys__n409
  ID 454: ys__n410
  ID 455: ys__n412
  ID 456: ys__n413
  ID 457: ys__n414
  ID 458: ys__n415
  ID 459: ys__n416
  ID 460: ys__n417
  ID 461: ys__n418
  ID 462: ys__n420
  ID 463: ys__n421
  ID 464: ys__n422
  ID 465: ys__n423
  ID 466: ys__n424
  ID 467: ys__n425
  ID 468: ys__n426
  ID 469: ys__n427
  ID 470: ys__n428
  ID 471: ys__n429
  ID 472: ys__n430
  ID 473: ys__n432
  ID 474: ys__n433
  ID 475: ys__n434
  ID 476: ys__n435
  ID 477: ys__n436
  ID 478: ys__n437
  ID 479: ys__n438
  ID 480: ys__n440
  ID 481: ys__n441
  ID 482: ys__n442
  ID 483: ys__n443
  ID 484: ys__n444
  ID 485: ys__n445
  ID 486: ys__n446
  ID 487: ys__n448
  ID 488: ys__n449
  ID 489: ys__n450
  ID 490: ys__n451
  ID 491: ys__n452
  ID 492: ys__n453
  ID 493: ys__n454
  ID 494: ys__n455
  ID 495: ys__n456
  ID 496: ys__n457
  ID 497: ys__n458
  ID 498: ys__n459
  ID 499: ys__n460
  ID 500: ys__n461
  ID 501: ys__n462
  ID 502: ys__n463
  ID 503: ys__n464
  ID 504: ys__n465
  ID 505: ys__n466
  ID 506: ys__n467
  ID 507: ys__n468
  ID 508: ys__n469
  ID 509: ys__n470
  ID 510: ys__n471
  ID 511: ys__n472
  ID 512: ys__n473
  ID 513: ys__n474
  ID 514: ys__n475
  ID 515: ys__n476
  ID 516: ys__n477
  ID 517: ys__n478
  ID 518: ys__n479
  ID 519: ys__n480
  ID 520: ys__n481
  ID 521: ys__n482
  ID 522: ys__n483
  ID 523: ys__n484
  ID 524: ys__n485
  ID 525: ys__n486
  ID 526: ys__n487
  ID 527: ys__n488
  ID 528: ys__n489
  ID 529: ys__n490
  ID 530: ys__n491
  ID 531: ys__n492
  ID 532: ys__n493
  ID 533: ys__n494
  ID 534: ys__n495
  ID 535: ys__n496
  ID 536: ys__n497
  ID 537: ys__n498
  ID 538: ys__n499
  ID 539: ys__n500
  ID 540: ys__n501
  ID 541: ys__n502
  ID 542: ys__n503
  ID 543: ys__n504
  ID 544: ys__n505
  ID 545: ys__n506
  ID 546: ys__n507
  ID 547: ys__n508
  ID 548: ys__n509
  ID 549: ys__n510
  ID 550: ys__n511
  ID 551: ys__n512
  ID 552: ys__n513
  ID 553: ys__n514
  ID 554: ys__n515
  ID 555: ys__n516
  ID 556: ys__n517
  ID 557: ys__n518
  ID 558: ys__n519
  ID 559: ys__n520
Total number of entries: 559
Nodes by level:
 0 :  ys__n294 ys__n351
 1 :  ys__n6 ys__n10 ys__n16 ys__n24 ys__n32 ys__n40 ys__n48 ys__n56 ys__n64 ys__n72 ys__n80 ys__n88 ys__n96 ys__n104 ys__n112 ys__n120 ys__n128 ys__n136 ys__n144 ys__n152 ys__n160 ys__n168 ys__n176 ys__n184 ys__n192 ys__n200 ys__n208 ys__n216 ys__n224 ys__n232 ys__n240 ys__n248 ys__n256 ys__n290 ys__n291 ys__n292 ys__n301 ys__n302 ys__n303 ys__n311 ys__n312 ys__n313 ys__n321 ys__n322 ys__n323 ys__n331 ys__n332 ys__n333 ys__n339 ys__n340 ys__n341 ys__n347 ys__n348 ys__n349 ys__n360 ys__n361 ys__n362 ys__n370 ys__n371 ys__n372 ys__n380 ys__n381 ys__n382 ys__n390 ys__n391 ys__n392 ys__n400 ys__n401 ys__n402 ys__n408 ys__n409 ys__n410 ys__n416 ys__n417 ys__n418 ys__n428 ys__n429 ys__n430 ys__n436 ys__n437 ys__n438 ys__n444 ys__n445 ys__n446 ys__n456 ys__n457 ys__n458 ys__n463 ys__n464 ys__n465 ys__n470 ys__n471 ys__n472 ys__n481 ys__n482 ys__n483 ys__n488 ys__n489 ys__n490 ys__n495 ys__n496 ys__n497 ys__n498 ys__n500 ys__n501 ys__n519 ys__n520
 2 :  ys__n5 ys__n9 ys__n15 ys__n18 ys__n23 ys__n26 ys__n31 ys__n34 ys__n39 ys__n42 ys__n47 ys__n50 ys__n55 ys__n58 ys__n63 ys__n66 ys__n71 ys__n74 ys__n79 ys__n82 ys__n87 ys__n90 ys__n95 ys__n98 ys__n103 ys__n106 ys__n111 ys__n114 ys__n119 ys__n122 ys__n127 ys__n130 ys__n135 ys__n138 ys__n143 ys__n146 ys__n151 ys__n154 ys__n159 ys__n162 ys__n167 ys__n170 ys__n175 ys__n178 ys__n183 ys__n186 ys__n191 ys__n194 ys__n199 ys__n202 ys__n207 ys__n210 ys__n215 ys__n218 ys__n223 ys__n226 ys__n231 ys__n234 ys__n239 ys__n242 ys__n247 ys__n250 ys__n255 ys__n258 ys__n285 ys__n289 ys__n296 ys__n300 ys__n306 ys__n310 ys__n316 ys__n320 ys__n326 ys__n330 ys__n336 ys__n338 ys__n344 ys__n346 ys__n355 ys__n359 ys__n365 ys__n369 ys__n375 ys__n379 ys__n385 ys__n389 ys__n395 ys__n399 ys__n405 ys__n407 ys__n413 ys__n415 ys__n423 ys__n427 ys__n433 ys__n435 ys__n441 ys__n443 ys__n451 ys__n455 ys__n460 ys__n462 ys__n467 ys__n469 ys__n476 ys__n480 ys__n485 ys__n487 ys__n492 ys__n494 ys__n499 ys__n518
 3 :  ys__n0 ys__n4 ys__n14 ys__n22 ys__n30 ys__n38 ys__n46 ys__n54 ys__n62 ys__n70 ys__n78 ys__n86 ys__n94 ys__n102 ys__n110 ys__n118 ys__n126 ys__n134 ys__n142 ys__n150 ys__n158 ys__n166 ys__n174 ys__n182 ys__n190 ys__n198 ys__n206 ys__n214 ys__n222 ys__n230 ys__n238 ys__n246 ys__n254 ys__n277 ys__n286 ys__n297 ys__n307 ys__n317 ys__n327 ys__n337 ys__n345 ys__n356 ys__n366 ys__n376 ys__n386 ys__n396 ys__n406 ys__n414 ys__n424 ys__n434 ys__n442 ys__n452 ys__n461 ys__n468 ys__n477 ys__n486 ys__n493
 4 :  ys__n1 ys__n2 ys__n12 ys__n20 ys__n28 ys__n36 ys__n44 ys__n52 ys__n60 ys__n68 ys__n76 ys__n84 ys__n92 ys__n100 ys__n108 ys__n116 ys__n124 ys__n132 ys__n140 ys__n148 ys__n156 ys__n164 ys__n172 ys__n180 ys__n188 ys__n196 ys__n204 ys__n212 ys__n220 ys__n228 ys__n236 ys__n244 ys__n252 ys__n284 ys__n295 ys__n305 ys__n315 ys__n325 ys__n335 ys__n343 ys__n354 ys__n364 ys__n374 ys__n384 ys__n394 ys__n404 ys__n412 ys__n422 ys__n432 ys__n440 ys__n450 ys__n459 ys__n466 ys__n475 ys__n484 ys__n491
 5 :  ys__n3 ys__n13 ys__n21 ys__n29 ys__n37 ys__n45 ys__n53 ys__n61 ys__n69 ys__n77 ys__n85 ys__n93 ys__n101 ys__n109 ys__n117 ys__n125 ys__n133 ys__n141 ys__n149 ys__n157 ys__n165 ys__n173 ys__n181 ys__n189 ys__n197 ys__n205 ys__n213 ys__n221 ys__n229 ys__n237 ys__n245 ys__n253 ys__n283 ys__n288 ys__n299 ys__n309 ys__n319 ys__n328 ys__n329 ys__n353 ys__n358 ys__n368 ys__n378 ys__n388 ys__n397 ys__n398 ys__n421 ys__n425 ys__n426 ys__n449 ys__n453 ys__n454 ys__n474 ys__n478 ys__n479
 6 :  ys__n318 ys__n387 ys__n420 ys__n448 ys__n473
 7 :  ys__n272 ys__n274 ys__n276 ys__n308 ys__n377
 8 :  ys__n298 ys__n367
 9 :  ys__n287 ys__n357
10 :  ys__n282 ys__n352
11 :  ys__n261 ys__n281
12 :  ys__n262
13 :  ys__n280
14 :  ys__n271
15 :  ys__n263 ys__n273 ys__n275 ys__n278
16 :  ys__n265 ys__n503 ys__n504 ys__n507 ys__n509 ys__n510 ys__n512 ys__n514 ys__n516 ys__n517
17 :  ys__n502 ys__n508 ys__n515
18 :  ys__n266 ys__n505 ys__n513
19 :  ys__n268 ys__n506 ys__n511
20 :  ys__n269
21 :  ys__n270
DEBUG: Node retention after strash:
DEBUG: Node retention after Abc_NtkToDar:
DEBUG: Node retention after Gia_ManFromAig:
DEBUG: Node retention after Gia_ManDupZeroUndc:
DEBUG: Node retention after &get:
DEBUG: Node retention after Gia_ManRehash:
DEBUG: Node retention after Gia_ManFraigSweepSimple:
DEBUG: Node retention after &nf:
DEBUG: Node retention after Gia_ManRehash:
DEBUG: Node retention after Gia_ManAigSyn2:
DEBUG: Node retention after &if:
DEBUG: Node retention after Pre &Gia_ManDup:
DEBUG: Node retention after Post &Lf_ManPerformMapping:
DEBUG: Node retention after Post &Gia_ManAreaBalance:
DEBUG: Node retention after Post &Gia_ManPerformDsdBalance:
DEBUG: Node retention after Pre &synch2Choice:
HEREHERE Called this first. node manager entries: 351. And number of objects: 352DEBUG: Node retention after &synch2:
DEBUG: Node retention after &nf:
DEBUG: Node retention after &put v1: Abc_NtkFromCellMappedGia:
DEBUG: Node retention after &put:
Nodes by level:
 0 : 
 1 :  n125 n126 n127 ys__n3 ys__n13 ys__n21 ys__n29 ys__n37 ys__n45 ys__n53 ys__n61 ys__n69 ys__n77 ys__n85 ys__n93 ys__n101 ys__n109 ys__n117 ys__n125 ys__n133 ys__n141 ys__n149 ys__n157 ys__n165 ys__n173 ys__n181 ys__n189 ys__n197 ys__n205 ys__n213 ys__n221 ys__n229 ys__n237 ys__n245 ys__n253 n160 n161 n162 n166 n167 n171 n175 n178 n182 n186 n190
 2 :  n163 n168 n172 n173 n176 n179 n183 n187
 3 :  n164 n169 n174
 4 :  n165 n177
 5 :  n170 n180 n184 n188 n191
 6 :  ys__n265 ys__n268 ys__n270 ys__n506
DEBUG: Node retention after write_blif way before conversion:
DEBUG: Node retention after Io_Write before conversion:
DEBUG: Node retention after Io_Write after conversion:
DEBUG: Node retention after write_blif:
