======== ABC command line "source node_ret/get_and_put.script"
DEBUG: Node retention origins after read_blif:
Node retention manager is empty.
DEBUG: Number of entries: 0
Nodes by level:
 0 :  ys__n294 ys__n351
 1 :  ys__n6 ys__n10 ys__n16 ys__n24 ys__n32 ys__n40 ys__n48 ys__n56 ys__n64 ys__n72 ys__n80 ys__n88 ys__n96 ys__n104 ys__n112 ys__n120 ys__n128 ys__n136 ys__n144 ys__n152 ys__n160 ys__n168 ys__n176 ys__n184 ys__n192 ys__n200 ys__n208 ys__n216 ys__n224 ys__n232 ys__n240 ys__n248 ys__n256 ys__n290 ys__n291 ys__n292 ys__n301 ys__n302 ys__n303 ys__n311 ys__n312 ys__n313 ys__n321 ys__n322 ys__n323 ys__n331 ys__n332 ys__n333 ys__n339 ys__n340 ys__n341 ys__n347 ys__n348 ys__n349 ys__n360 ys__n361 ys__n362 ys__n370 ys__n371 ys__n372 ys__n380 ys__n381 ys__n382 ys__n390 ys__n391 ys__n392 ys__n400 ys__n401 ys__n402 ys__n408 ys__n409 ys__n410 ys__n416 ys__n417 ys__n418 ys__n428 ys__n429 ys__n430 ys__n436 ys__n437 ys__n438 ys__n444 ys__n445 ys__n446 ys__n456 ys__n457 ys__n458 ys__n463 ys__n464 ys__n465 ys__n470 ys__n471 ys__n472 ys__n481 ys__n482 ys__n483 ys__n488 ys__n489 ys__n490 ys__n495 ys__n496 ys__n497 ys__n498 ys__n500 ys__n501 ys__n519 ys__n520
 2 :  ys__n5 ys__n9 ys__n15 ys__n18 ys__n23 ys__n26 ys__n31 ys__n34 ys__n39 ys__n42 ys__n47 ys__n50 ys__n55 ys__n58 ys__n63 ys__n66 ys__n71 ys__n74 ys__n79 ys__n82 ys__n87 ys__n90 ys__n95 ys__n98 ys__n103 ys__n106 ys__n111 ys__n114 ys__n119 ys__n122 ys__n127 ys__n130 ys__n135 ys__n138 ys__n143 ys__n146 ys__n151 ys__n154 ys__n159 ys__n162 ys__n167 ys__n170 ys__n175 ys__n178 ys__n183 ys__n186 ys__n191 ys__n194 ys__n199 ys__n202 ys__n207 ys__n210 ys__n215 ys__n218 ys__n223 ys__n226 ys__n231 ys__n234 ys__n239 ys__n242 ys__n247 ys__n250 ys__n255 ys__n258 ys__n285 ys__n289 ys__n296 ys__n300 ys__n306 ys__n310 ys__n316 ys__n320 ys__n326 ys__n330 ys__n336 ys__n338 ys__n344 ys__n346 ys__n355 ys__n359 ys__n365 ys__n369 ys__n375 ys__n379 ys__n385 ys__n389 ys__n395 ys__n399 ys__n405 ys__n407 ys__n413 ys__n415 ys__n423 ys__n427 ys__n433 ys__n435 ys__n441 ys__n443 ys__n451 ys__n455 ys__n460 ys__n462 ys__n467 ys__n469 ys__n476 ys__n480 ys__n485 ys__n487 ys__n492 ys__n494 ys__n499 ys__n518
 3 :  ys__n0 ys__n4 ys__n14 ys__n22 ys__n30 ys__n38 ys__n46 ys__n54 ys__n62 ys__n70 ys__n78 ys__n86 ys__n94 ys__n102 ys__n110 ys__n118 ys__n126 ys__n134 ys__n142 ys__n150 ys__n158 ys__n166 ys__n174 ys__n182 ys__n190 ys__n198 ys__n206 ys__n214 ys__n222 ys__n230 ys__n238 ys__n246 ys__n254 ys__n277 ys__n286 ys__n297 ys__n307 ys__n317 ys__n327 ys__n337 ys__n345 ys__n356 ys__n366 ys__n376 ys__n386 ys__n396 ys__n406 ys__n414 ys__n424 ys__n434 ys__n442 ys__n452 ys__n461 ys__n468 ys__n477 ys__n486 ys__n493
 4 :  ys__n1 ys__n2 ys__n12 ys__n20 ys__n28 ys__n36 ys__n44 ys__n52 ys__n60 ys__n68 ys__n76 ys__n84 ys__n92 ys__n100 ys__n108 ys__n116 ys__n124 ys__n132 ys__n140 ys__n148 ys__n156 ys__n164 ys__n172 ys__n180 ys__n188 ys__n196 ys__n204 ys__n212 ys__n220 ys__n228 ys__n236 ys__n244 ys__n252 ys__n284 ys__n295 ys__n305 ys__n315 ys__n325 ys__n335 ys__n343 ys__n354 ys__n364 ys__n374 ys__n384 ys__n394 ys__n404 ys__n412 ys__n422 ys__n432 ys__n440 ys__n450 ys__n459 ys__n466 ys__n475 ys__n484 ys__n491
 5 :  ys__n3 ys__n13 ys__n21 ys__n29 ys__n37 ys__n45 ys__n53 ys__n61 ys__n69 ys__n77 ys__n85 ys__n93 ys__n101 ys__n109 ys__n117 ys__n125 ys__n133 ys__n141 ys__n149 ys__n157 ys__n165 ys__n173 ys__n181 ys__n189 ys__n197 ys__n205 ys__n213 ys__n221 ys__n229 ys__n237 ys__n245 ys__n253 ys__n283 ys__n288 ys__n299 ys__n309 ys__n319 ys__n328 ys__n329 ys__n353 ys__n358 ys__n368 ys__n378 ys__n388 ys__n397 ys__n398 ys__n421 ys__n425 ys__n426 ys__n449 ys__n453 ys__n454 ys__n474 ys__n478 ys__n479
 6 :  ys__n318 ys__n387 ys__n420 ys__n448 ys__n473
 7 :  ys__n272 ys__n274 ys__n276 ys__n308 ys__n377
 8 :  ys__n298 ys__n367
 9 :  ys__n287 ys__n357
10 :  ys__n282 ys__n352
11 :  ys__n261 ys__n281
12 :  ys__n262
13 :  ys__n280
14 :  ys__n271
15 :  ys__n263 ys__n273 ys__n275 ys__n278
16 :  ys__n265 ys__n503 ys__n504 ys__n507 ys__n509 ys__n510 ys__n512 ys__n514 ys__n516 ys__n517
17 :  ys__n502 ys__n508 ys__n515
18 :  ys__n266 ys__n505 ys__n513
19 :  ys__n268 ys__n506 ys__n511
20 :  ys__n269
21 :  ys__n270
Nr_ManAddOrigin: called by &get:Abc_NtkStrash
Nr_ManAddOrigin: called by &get:Abc_NtkStrash
Nr_ManAddOrigin: called by &get:Abc_NtkStrash
Nr_ManAddOrigin: called by &get:Abc_NtkStrash
Nr_ManAddOrigin: called by &get:Abc_NtkStrash
Nr_ManAddOrigin: called by &get:Abc_NtkStrash
Nr_ManAddOrigin: called by &get:Abc_NtkStrash
Nr_ManAddOrigin: called by &get:Abc_NtkStrash
Nr_ManAddOrigin: called by &get:Abc_NtkStrash
Nr_ManAddOrigin: called by &get:Abc_NtkStrash
Nr_ManAddOrigin: called by &get:Abc_NtkStrash
Nr_ManAddOrigin: called by &get:Abc_NtkStrash
Nr_ManAddOrigin: called by &get:Abc_NtkStrash
Nr_ManAddOrigin: called by &get:Abc_NtkStrash
Nr_ManAddOrigin: called by &get:Abc_NtkStrash
Nr_ManAddOrigin: called by &get:Abc_NtkStrash
Nr_ManAddOrigin: called by &get:Abc_NtkStrash
Nr_ManAddOrigin: called by &get:Abc_NtkStrash
Nr_ManAddOrigin: called by &get:Abc_NtkStrash
Nr_ManAddOrigin: called by &get:Abc_NtkStrash
Nr_ManAddOrigin: called by &get:Abc_NtkStrash
Nr_ManAddOrigin: called by &get:Abc_NtkStrash
Nr_ManAddOrigin: called by &get:Abc_NtkStrash
Nr_ManAddOrigin: called by &get:Abc_NtkStrash
Nr_ManAddOrigin: called by &get:Abc_NtkStrash
Nr_ManAddOrigin: called by &get:Abc_NtkStrash
Nr_ManAddOrigin: called by &get:Abc_NtkStrash
Nr_ManAddOrigin: called by &get:Abc_NtkStrash
Nr_ManAddOrigin: called by &get:Abc_NtkStrash
Nr_ManAddOrigin: called by &get:Abc_NtkStrash
Nr_ManAddOrigin: called by &get:Abc_NtkStrash
Nr_ManAddOrigin: called by &get:Abc_NtkStrash
Nr_ManAddOrigin: called by &get:Abc_NtkStrash
Nr_ManAddOrigin: called by &get:Abc_NtkStrash
Nr_ManAddOrigin: called by &get:Abc_NtkStrash
Nr_ManAddOrigin: called by &get:Abc_NtkStrash
Nr_ManAddOrigin: called by &get:Abc_NtkStrash
Nr_ManAddOrigin: called by &get:Abc_NtkStrash
Nr_ManAddOrigin: called by &get:Abc_NtkStrash
Nr_ManAddOrigin: called by &get:Abc_NtkStrash
Nr_ManAddOrigin: called by &get:Abc_NtkStrash
Nr_ManAddOrigin: called by &get:Abc_NtkStrash
Nr_ManAddOrigin: called by &get:Abc_NtkStrash
Nr_ManAddOrigin: called by &get:Abc_NtkStrash
Nr_ManAddOrigin: called by &get:Abc_NtkStrash
Nr_ManAddOrigin: called by &get:Abc_NtkStrash
Nr_ManAddOrigin: called by &get:Abc_NtkStrash
Nr_ManAddOrigin: called by &get:Abc_NtkStrash
Nr_ManAddOrigin: called by &get:Abc_NtkStrash
Nr_ManAddOrigin: called by &get:Abc_NtkStrash
Nr_ManAddOrigin: called by &get:Abc_NtkStrash
Nr_ManAddOrigin: called by &get:Abc_NtkStrash
Nr_ManAddOrigin: called by &get:Abc_NtkStrash
Nr_ManAddOrigin: called by &get:Abc_NtkStrash
Nr_ManAddOrigin: called by &get:Abc_NtkStrash
Nr_ManAddOrigin: called by &get:Abc_NtkStrash
Nr_ManAddOrigin: called by &get:Abc_NtkStrash
Nr_ManAddOrigin: called by &get:Abc_NtkStrash
Nr_ManAddOrigin: called by &get:Abc_NtkStrash
Nr_ManAddOrigin: called by &get:Abc_NtkStrash
Nr_ManAddOrigin: called by &get:Abc_NtkStrash
Nr_ManAddOrigin: called by &get:Abc_NtkStrash
Nr_ManAddOrigin: called by &get:Abc_NtkStrash
Nr_ManAddOrigin: called by &get:Abc_NtkStrash
Nr_ManAddOrigin: called by &get:Abc_NtkStrash
Nr_ManAddOrigin: called by &get:Abc_NtkStrash
Nr_ManAddOrigin: called by &get:Abc_NtkStrash
Nr_ManAddOrigin: called by &get:Abc_NtkStrash
Nr_ManAddOrigin: called by &get:Abc_NtkStrash
Nr_ManAddOrigin: called by &get:Abc_NtkStrash
Nr_ManAddOrigin: called by &get:Abc_NtkStrash
Nr_ManAddOrigin: called by &get:Abc_NtkStrash
Nr_ManAddOrigin: called by &get:Abc_NtkStrash
Nr_ManAddOrigin: called by &get:Abc_NtkStrash
Nr_ManAddOrigin: called by &get:Abc_NtkStrash
Nr_ManAddOrigin: called by &get:Abc_NtkStrash
Nr_ManAddOrigin: called by &get:Abc_NtkStrash
Nr_ManAddOrigin: called by &get:Abc_NtkStrash
Nr_ManAddOrigin: called by &get:Abc_NtkStrash
Nr_ManAddOrigin: called by &get:Abc_NtkStrash
Nr_ManAddOrigin: called by &get:Abc_NtkStrash
Nr_ManAddOrigin: called by &get:Abc_NtkStrash
Nr_ManAddOrigin: called by &get:Abc_NtkStrash
Nr_ManAddOrigin: called by &get:Abc_NtkStrash
Nr_ManAddOrigin: called by &get:Abc_NtkStrash
Nr_ManAddOrigin: called by &get:Abc_NtkStrash
Nr_ManAddOrigin: called by &get:Abc_NtkStrash
Nr_ManAddOrigin: called by &get:Abc_NtkStrash
Nr_ManAddOrigin: called by &get:Abc_NtkStrash
Nr_ManAddOrigin: called by &get:Abc_NtkStrash
Nr_ManAddOrigin: called by &get:Abc_NtkStrash
Nr_ManAddOrigin: called by &get:Abc_NtkStrash
Nr_ManAddOrigin: called by &get:Abc_NtkStrash
Nr_ManAddOrigin: called by &get:Abc_NtkStrash
Nr_ManAddOrigin: called by &get:Abc_NtkStrash
Nr_ManAddOrigin: called by &get:Abc_NtkStrash
Nr_ManAddOrigin: called by &get:Abc_NtkStrash
Nr_ManAddOrigin: called by &get:Abc_NtkStrash
Nr_ManAddOrigin: called by &get:Abc_NtkStrash
Nr_ManAddOrigin: called by &get:Abc_NtkStrash
Nr_ManAddOrigin: called by &get:Abc_NtkStrash
Nr_ManAddOrigin: called by &get:Abc_NtkStrash
Nr_ManAddOrigin: called by &get:Abc_NtkStrash
Nr_ManAddOrigin: called by &get:Abc_NtkStrash
Nr_ManAddOrigin: called by &get:Abc_NtkStrash
Nr_ManAddOrigin: called by &get:Abc_NtkStrash
Nr_ManAddOrigin: called by &get:Abc_NtkStrash
Nr_ManAddOrigin: called by &get:Abc_NtkStrash
Nr_ManAddOrigin: called by &get:Abc_NtkStrash
Nr_ManAddOrigin: called by &get:Abc_NtkStrash
Nr_ManAddOrigin: called by &get:Abc_NtkStrash
Nr_ManAddOrigin: called by &get:Abc_NtkStrash
Nr_ManAddOrigin: called by &get:Abc_NtkStrash
Nr_ManAddOrigin: called by &get:Abc_NtkStrash
Nr_ManAddOrigin: called by &get:Abc_NtkStrash
Nr_ManAddOrigin: called by &get:Abc_NtkStrash
Nr_ManAddOrigin: called by &get:Abc_NtkStrash
Nr_ManAddOrigin: called by &get:Abc_NtkStrash
Nr_ManAddOrigin: called by &get:Abc_NtkStrash
Nr_ManAddOrigin: called by &get:Abc_NtkStrash
Nr_ManAddOrigin: called by &get:Abc_NtkStrash
Nr_ManAddOrigin: called by &get:Abc_NtkStrash
Nr_ManAddOrigin: called by &get:Abc_NtkStrash
Nr_ManAddOrigin: called by &get:Abc_NtkStrash
DEBUG: Node retention after strash:
Printing all origins (124 entries):
Node 1 has 1 origin(s):
  [0] Name: ys__n7
Node 2 has 1 origin(s):
  [0] Name: ys__n8
Node 3 has 1 origin(s):
  [0] Name: ys__n11
Node 4 has 1 origin(s):
  [0] Name: ys__n17
Node 5 has 1 origin(s):
  [0] Name: ys__n19
Node 6 has 1 origin(s):
  [0] Name: ys__n25
Node 7 has 1 origin(s):
  [0] Name: ys__n27
Node 8 has 1 origin(s):
  [0] Name: ys__n33
Node 9 has 1 origin(s):
  [0] Name: ys__n35
Node 10 has 1 origin(s):
  [0] Name: ys__n41
Node 11 has 1 origin(s):
  [0] Name: ys__n43
Node 12 has 1 origin(s):
  [0] Name: ys__n49
Node 13 has 1 origin(s):
  [0] Name: ys__n51
Node 14 has 1 origin(s):
  [0] Name: ys__n57
Node 15 has 1 origin(s):
  [0] Name: ys__n59
Node 16 has 1 origin(s):
  [0] Name: ys__n65
Node 17 has 1 origin(s):
  [0] Name: ys__n67
Node 18 has 1 origin(s):
  [0] Name: ys__n73
Node 19 has 1 origin(s):
  [0] Name: ys__n75
Node 20 has 1 origin(s):
  [0] Name: ys__n81
Node 21 has 1 origin(s):
  [0] Name: ys__n83
Node 22 has 1 origin(s):
  [0] Name: ys__n89
Node 23 has 1 origin(s):
  [0] Name: ys__n91
Node 24 has 1 origin(s):
  [0] Name: ys__n97
Node 25 has 1 origin(s):
  [0] Name: ys__n99
Node 26 has 1 origin(s):
  [0] Name: ys__n105
Node 27 has 1 origin(s):
  [0] Name: ys__n107
Node 28 has 1 origin(s):
  [0] Name: ys__n113
Node 29 has 1 origin(s):
  [0] Name: ys__n115
Node 30 has 1 origin(s):
  [0] Name: ys__n121
Node 31 has 1 origin(s):
  [0] Name: ys__n123
Node 32 has 1 origin(s):
  [0] Name: ys__n129
Node 33 has 1 origin(s):
  [0] Name: ys__n131
Node 34 has 1 origin(s):
  [0] Name: ys__n137
Node 35 has 1 origin(s):
  [0] Name: ys__n139
Node 36 has 1 origin(s):
  [0] Name: ys__n145
Node 37 has 1 origin(s):
  [0] Name: ys__n147
Node 38 has 1 origin(s):
  [0] Name: ys__n153
Node 39 has 1 origin(s):
  [0] Name: ys__n155
Node 40 has 1 origin(s):
  [0] Name: ys__n161
Node 41 has 1 origin(s):
  [0] Name: ys__n163
Node 42 has 1 origin(s):
  [0] Name: ys__n169
Node 43 has 1 origin(s):
  [0] Name: ys__n171
Node 44 has 1 origin(s):
  [0] Name: ys__n177
Node 45 has 1 origin(s):
  [0] Name: ys__n179
Node 46 has 1 origin(s):
  [0] Name: ys__n185
Node 47 has 1 origin(s):
  [0] Name: ys__n187
Node 48 has 1 origin(s):
  [0] Name: ys__n193
Node 49 has 1 origin(s):
  [0] Name: ys__n195
Node 50 has 1 origin(s):
  [0] Name: ys__n201
Node 51 has 1 origin(s):
  [0] Name: ys__n203
Node 52 has 1 origin(s):
  [0] Name: ys__n209
Node 53 has 1 origin(s):
  [0] Name: ys__n211
Node 54 has 1 origin(s):
  [0] Name: ys__n217
Node 55 has 1 origin(s):
  [0] Name: ys__n219
Node 56 has 1 origin(s):
  [0] Name: ys__n225
Node 57 has 1 origin(s):
  [0] Name: ys__n227
Node 58 has 1 origin(s):
  [0] Name: ys__n233
Node 59 has 1 origin(s):
  [0] Name: ys__n235
Node 60 has 1 origin(s):
  [0] Name: ys__n241
Node 61 has 1 origin(s):
  [0] Name: ys__n243
Node 62 has 1 origin(s):
  [0] Name: ys__n249
Node 63 has 1 origin(s):
  [0] Name: ys__n251
Node 64 has 1 origin(s):
  [0] Name: ys__n257
Node 65 has 1 origin(s):
  [0] Name: ys__n259
Node 66 has 1 origin(s):
  [0] Name: ys__n260
Node 67 has 1 origin(s):
  [0] Name: ys__n264
Node 68 has 1 origin(s):
  [0] Name: ys__n267
Node 69 has 1 origin(s):
  [0] Name: ys__n279
Node 70 has 1 origin(s):
  [0] Name: ys__n293
Node 71 has 1 origin(s):
  [0] Name: ys__n304
Node 72 has 1 origin(s):
  [0] Name: ys__n314
Node 73 has 1 origin(s):
  [0] Name: ys__n324
Node 74 has 1 origin(s):
  [0] Name: ys__n334
Node 75 has 1 origin(s):
  [0] Name: ys__n342
Node 76 has 1 origin(s):
  [0] Name: ys__n350
Node 77 has 1 origin(s):
  [0] Name: ys__n363
Node 78 has 1 origin(s):
  [0] Name: ys__n373
Node 79 has 1 origin(s):
  [0] Name: ys__n383
Node 80 has 1 origin(s):
  [0] Name: ys__n393
Node 81 has 1 origin(s):
  [0] Name: ys__n403
Node 82 has 1 origin(s):
  [0] Name: ys__n411
Node 83 has 1 origin(s):
  [0] Name: ys__n419
Node 84 has 1 origin(s):
  [0] Name: ys__n431
Node 85 has 1 origin(s):
  [0] Name: ys__n439
Node 86 has 1 origin(s):
  [0] Name: ys__n447
Node 87 has 1 origin(s):
  [0] Name: ys__n521
Node 88 has 1 origin(s):
  [0] Name: ys__n522
Node 89 has 1 origin(s):
  [0] Name: ys__n3
Node 90 has 1 origin(s):
  [0] Name: ys__n13
Node 91 has 1 origin(s):
  [0] Name: ys__n21
Node 92 has 1 origin(s):
  [0] Name: ys__n29
Node 93 has 1 origin(s):
  [0] Name: ys__n37
Node 94 has 1 origin(s):
  [0] Name: ys__n45
Node 95 has 1 origin(s):
  [0] Name: ys__n53
Node 96 has 1 origin(s):
  [0] Name: ys__n61
Node 97 has 1 origin(s):
  [0] Name: ys__n69
Node 98 has 1 origin(s):
  [0] Name: ys__n77
Node 99 has 1 origin(s):
  [0] Name: ys__n85
Node 100 has 1 origin(s):
  [0] Name: ys__n93
Node 101 has 1 origin(s):
  [0] Name: ys__n101
Node 102 has 1 origin(s):
  [0] Name: ys__n109
Node 103 has 1 origin(s):
  [0] Name: ys__n117
Node 104 has 1 origin(s):
  [0] Name: ys__n125
Node 105 has 1 origin(s):
  [0] Name: ys__n133
Node 106 has 1 origin(s):
  [0] Name: ys__n141
Node 107 has 1 origin(s):
  [0] Name: ys__n149
Node 108 has 1 origin(s):
  [0] Name: ys__n157
Node 109 has 1 origin(s):
  [0] Name: ys__n165
Node 110 has 1 origin(s):
  [0] Name: ys__n173
Node 111 has 1 origin(s):
  [0] Name: ys__n181
Node 112 has 1 origin(s):
  [0] Name: ys__n189
Node 113 has 1 origin(s):
  [0] Name: ys__n197
Node 114 has 1 origin(s):
  [0] Name: ys__n205
Node 115 has 1 origin(s):
  [0] Name: ys__n213
Node 116 has 1 origin(s):
  [0] Name: ys__n221
Node 117 has 1 origin(s):
  [0] Name: ys__n229
Node 118 has 1 origin(s):
  [0] Name: ys__n237
Node 119 has 1 origin(s):
  [0] Name: ys__n245
Node 120 has 1 origin(s):
  [0] Name: ys__n253
Node 121 has 1 origin(s):
  [0] Name: ys__n265
Node 122 has 1 origin(s):
  [0] Name: ys__n268
Node 123 has 1 origin(s):
  [0] Name: ys__n270
Node 124 has 1 origin(s):
  [0] Name: ys__n506
DEBUG: Number of entries: 124
DEBUG: Number of original nodes mapped: 124
Nr_ManAddOrigin: called by &get:Abc_NtkToDar
Nr_ManAddOrigin: called by &get:Abc_NtkToDar
Nr_ManAddOrigin: called by &get:Abc_NtkToDar
Nr_ManAddOrigin: called by &get:Abc_NtkToDar
Nr_ManAddOrigin: called by &get:Abc_NtkToDar
Nr_ManAddOrigin: called by &get:Abc_NtkToDar
Nr_ManAddOrigin: called by &get:Abc_NtkToDar
Nr_ManAddOrigin: called by &get:Abc_NtkToDar
Nr_ManAddOrigin: called by &get:Abc_NtkToDar
Nr_ManAddOrigin: called by &get:Abc_NtkToDar
Nr_ManAddOrigin: called by &get:Abc_NtkToDar
Nr_ManAddOrigin: called by &get:Abc_NtkToDar
Nr_ManAddOrigin: called by &get:Abc_NtkToDar
Nr_ManAddOrigin: called by &get:Abc_NtkToDar
Nr_ManAddOrigin: called by &get:Abc_NtkToDar
Nr_ManAddOrigin: called by &get:Abc_NtkToDar
Nr_ManAddOrigin: called by &get:Abc_NtkToDar
Nr_ManAddOrigin: called by &get:Abc_NtkToDar
Nr_ManAddOrigin: called by &get:Abc_NtkToDar
Nr_ManAddOrigin: called by &get:Abc_NtkToDar
Nr_ManAddOrigin: called by &get:Abc_NtkToDar
Nr_ManAddOrigin: called by &get:Abc_NtkToDar
Nr_ManAddOrigin: called by &get:Abc_NtkToDar
Nr_ManAddOrigin: called by &get:Abc_NtkToDar
Nr_ManAddOrigin: called by &get:Abc_NtkToDar
Nr_ManAddOrigin: called by &get:Abc_NtkToDar
Nr_ManAddOrigin: called by &get:Abc_NtkToDar
Nr_ManAddOrigin: called by &get:Abc_NtkToDar
Nr_ManAddOrigin: called by &get:Abc_NtkToDar
Nr_ManAddOrigin: called by &get:Abc_NtkToDar
Nr_ManAddOrigin: called by &get:Abc_NtkToDar
Nr_ManAddOrigin: called by &get:Abc_NtkToDar
Nr_ManAddOrigin: called by &get:Abc_NtkToDar
Nr_ManAddOrigin: called by &get:Abc_NtkToDar
Nr_ManAddOrigin: called by &get:Abc_NtkToDar
Nr_ManAddOrigin: called by &get:Abc_NtkToDar
Nr_ManAddOrigin: called by &get:Abc_NtkToDar
Nr_ManAddOrigin: called by &get:Abc_NtkToDar
Nr_ManAddOrigin: called by &get:Abc_NtkToDar
Nr_ManAddOrigin: called by &get:Abc_NtkToDar
Nr_ManAddOrigin: called by &get:Abc_NtkToDar
Nr_ManAddOrigin: called by &get:Abc_NtkToDar
Nr_ManAddOrigin: called by &get:Abc_NtkToDar
Nr_ManAddOrigin: called by &get:Abc_NtkToDar
Nr_ManAddOrigin: called by &get:Abc_NtkToDar
Nr_ManAddOrigin: called by &get:Abc_NtkToDar
Nr_ManAddOrigin: called by &get:Abc_NtkToDar
Nr_ManAddOrigin: called by &get:Abc_NtkToDar
Nr_ManAddOrigin: called by &get:Abc_NtkToDar
Nr_ManAddOrigin: called by &get:Abc_NtkToDar
Nr_ManAddOrigin: called by &get:Abc_NtkToDar
Nr_ManAddOrigin: called by &get:Abc_NtkToDar
Nr_ManAddOrigin: called by &get:Abc_NtkToDar
Nr_ManAddOrigin: called by &get:Abc_NtkToDar
Nr_ManAddOrigin: called by &get:Abc_NtkToDar
Nr_ManAddOrigin: called by &get:Abc_NtkToDar
Nr_ManAddOrigin: called by &get:Abc_NtkToDar
Nr_ManAddOrigin: called by &get:Abc_NtkToDar
Nr_ManAddOrigin: called by &get:Abc_NtkToDar
Nr_ManAddOrigin: called by &get:Abc_NtkToDar
Nr_ManAddOrigin: called by &get:Abc_NtkToDar
Nr_ManAddOrigin: called by &get:Abc_NtkToDar
Nr_ManAddOrigin: called by &get:Abc_NtkToDar
Nr_ManAddOrigin: called by &get:Abc_NtkToDar
Nr_ManAddOrigin: called by &get:Abc_NtkToDar
Nr_ManAddOrigin: called by &get:Abc_NtkToDar
Nr_ManAddOrigin: called by &get:Abc_NtkToDar
Nr_ManAddOrigin: called by &get:Abc_NtkToDar
Nr_ManAddOrigin: called by &get:Abc_NtkToDar
Nr_ManAddOrigin: called by &get:Abc_NtkToDar
Nr_ManAddOrigin: called by &get:Abc_NtkToDar
Nr_ManAddOrigin: called by &get:Abc_NtkToDar
Nr_ManAddOrigin: called by &get:Abc_NtkToDar
Nr_ManAddOrigin: called by &get:Abc_NtkToDar
Nr_ManAddOrigin: called by &get:Abc_NtkToDar
Nr_ManAddOrigin: called by &get:Abc_NtkToDar
Nr_ManAddOrigin: called by &get:Abc_NtkToDar
Nr_ManAddOrigin: called by &get:Abc_NtkToDar
Nr_ManAddOrigin: called by &get:Abc_NtkToDar
Nr_ManAddOrigin: called by &get:Abc_NtkToDar
Nr_ManAddOrigin: called by &get:Abc_NtkToDar
Nr_ManAddOrigin: called by &get:Abc_NtkToDar
Nr_ManAddOrigin: called by &get:Abc_NtkToDar
Nr_ManAddOrigin: called by &get:Abc_NtkToDar
Nr_ManAddOrigin: called by &get:Abc_NtkToDar
Nr_ManAddOrigin: called by &get:Abc_NtkToDar
Nr_ManAddOrigin: called by &get:Abc_NtkToDar
Nr_ManAddOrigin: called by &get:Abc_NtkToDar
Nr_ManAddOrigin: called by &get:Abc_NtkToDar
Nr_ManAddOrigin: called by &get:Abc_NtkToDar
Nr_ManAddOrigin: called by &get:Abc_NtkToDar
Nr_ManAddOrigin: called by &get:Abc_NtkToDar
Nr_ManAddOrigin: called by &get:Abc_NtkToDar
Nr_ManAddOrigin: called by &get:Abc_NtkToDar
Nr_ManAddOrigin: called by &get:Abc_NtkToDar
Nr_ManAddOrigin: called by &get:Abc_NtkToDar
Nr_ManAddOrigin: called by &get:Abc_NtkToDar
Nr_ManAddOrigin: called by &get:Abc_NtkToDar
Nr_ManAddOrigin: called by &get:Abc_NtkToDar
Nr_ManAddOrigin: called by &get:Abc_NtkToDar
Nr_ManAddOrigin: called by &get:Abc_NtkToDar
Nr_ManAddOrigin: called by &get:Abc_NtkToDar
Nr_ManAddOrigin: called by &get:Abc_NtkToDar
Nr_ManAddOrigin: called by &get:Abc_NtkToDar
Nr_ManAddOrigin: called by &get:Abc_NtkToDar
Nr_ManAddOrigin: called by &get:Abc_NtkToDar
Nr_ManAddOrigin: called by &get:Abc_NtkToDar
Nr_ManAddOrigin: called by &get:Abc_NtkToDar
Nr_ManAddOrigin: called by &get:Abc_NtkToDar
Nr_ManAddOrigin: called by &get:Abc_NtkToDar
Nr_ManAddOrigin: called by &get:Abc_NtkToDar
Nr_ManAddOrigin: called by &get:Abc_NtkToDar
Nr_ManAddOrigin: called by &get:Abc_NtkToDar
Nr_ManAddOrigin: called by &get:Abc_NtkToDar
Nr_ManAddOrigin: called by &get:Abc_NtkToDar
Nr_ManAddOrigin: called by &get:Abc_NtkToDar
Nr_ManAddOrigin: called by &get:Abc_NtkToDar
Nr_ManAddOrigin: called by &get:Abc_NtkToDar
Nr_ManAddOrigin: called by &get:Abc_NtkToDar
Nr_ManAddOrigin: called by &get:Abc_NtkToDar
Nr_ManAddOrigin: called by &get:Abc_NtkToDar
Nr_ManAddOrigin: called by &get:Abc_NtkToDar
Nr_ManAddOrigin: called by &get:Abc_NtkToDar
Nr_ManAddOrigin: called by &get:Abc_NtkToDar
DEBUG: Node retention after Abc_NtkToDar:
Printing all origins (124 entries):
Node 1 has 1 origin(s):
  [0] Name: ys__n7
Node 2 has 1 origin(s):
  [0] Name: ys__n8
Node 3 has 1 origin(s):
  [0] Name: ys__n11
Node 4 has 1 origin(s):
  [0] Name: ys__n17
Node 5 has 1 origin(s):
  [0] Name: ys__n19
Node 6 has 1 origin(s):
  [0] Name: ys__n25
Node 7 has 1 origin(s):
  [0] Name: ys__n27
Node 8 has 1 origin(s):
  [0] Name: ys__n33
Node 9 has 1 origin(s):
  [0] Name: ys__n35
Node 10 has 1 origin(s):
  [0] Name: ys__n41
Node 11 has 1 origin(s):
  [0] Name: ys__n43
Node 12 has 1 origin(s):
  [0] Name: ys__n49
Node 13 has 1 origin(s):
  [0] Name: ys__n51
Node 14 has 1 origin(s):
  [0] Name: ys__n57
Node 15 has 1 origin(s):
  [0] Name: ys__n59
Node 16 has 1 origin(s):
  [0] Name: ys__n65
Node 17 has 1 origin(s):
  [0] Name: ys__n67
Node 18 has 1 origin(s):
  [0] Name: ys__n73
Node 19 has 1 origin(s):
  [0] Name: ys__n75
Node 20 has 1 origin(s):
  [0] Name: ys__n81
Node 21 has 1 origin(s):
  [0] Name: ys__n83
Node 22 has 1 origin(s):
  [0] Name: ys__n89
Node 23 has 1 origin(s):
  [0] Name: ys__n91
Node 24 has 1 origin(s):
  [0] Name: ys__n97
Node 25 has 1 origin(s):
  [0] Name: ys__n99
Node 26 has 1 origin(s):
  [0] Name: ys__n105
Node 27 has 1 origin(s):
  [0] Name: ys__n107
Node 28 has 1 origin(s):
  [0] Name: ys__n113
Node 29 has 1 origin(s):
  [0] Name: ys__n115
Node 30 has 1 origin(s):
  [0] Name: ys__n121
Node 31 has 1 origin(s):
  [0] Name: ys__n123
Node 32 has 1 origin(s):
  [0] Name: ys__n129
Node 33 has 1 origin(s):
  [0] Name: ys__n131
Node 34 has 1 origin(s):
  [0] Name: ys__n137
Node 35 has 1 origin(s):
  [0] Name: ys__n139
Node 36 has 1 origin(s):
  [0] Name: ys__n145
Node 37 has 1 origin(s):
  [0] Name: ys__n147
Node 38 has 1 origin(s):
  [0] Name: ys__n153
Node 39 has 1 origin(s):
  [0] Name: ys__n155
Node 40 has 1 origin(s):
  [0] Name: ys__n161
Node 41 has 1 origin(s):
  [0] Name: ys__n163
Node 42 has 1 origin(s):
  [0] Name: ys__n169
Node 43 has 1 origin(s):
  [0] Name: ys__n171
Node 44 has 1 origin(s):
  [0] Name: ys__n177
Node 45 has 1 origin(s):
  [0] Name: ys__n179
Node 46 has 1 origin(s):
  [0] Name: ys__n185
Node 47 has 1 origin(s):
  [0] Name: ys__n187
Node 48 has 1 origin(s):
  [0] Name: ys__n193
Node 49 has 1 origin(s):
  [0] Name: ys__n195
Node 50 has 1 origin(s):
  [0] Name: ys__n201
Node 51 has 1 origin(s):
  [0] Name: ys__n203
Node 52 has 1 origin(s):
  [0] Name: ys__n209
Node 53 has 1 origin(s):
  [0] Name: ys__n211
Node 54 has 1 origin(s):
  [0] Name: ys__n217
Node 55 has 1 origin(s):
  [0] Name: ys__n219
Node 56 has 1 origin(s):
  [0] Name: ys__n225
Node 57 has 1 origin(s):
  [0] Name: ys__n227
Node 58 has 1 origin(s):
  [0] Name: ys__n233
Node 59 has 1 origin(s):
  [0] Name: ys__n235
Node 60 has 1 origin(s):
  [0] Name: ys__n241
Node 61 has 1 origin(s):
  [0] Name: ys__n243
Node 62 has 1 origin(s):
  [0] Name: ys__n249
Node 63 has 1 origin(s):
  [0] Name: ys__n251
Node 64 has 1 origin(s):
  [0] Name: ys__n257
Node 65 has 1 origin(s):
  [0] Name: ys__n259
Node 66 has 1 origin(s):
  [0] Name: ys__n260
Node 67 has 1 origin(s):
  [0] Name: ys__n264
Node 68 has 1 origin(s):
  [0] Name: ys__n267
Node 69 has 1 origin(s):
  [0] Name: ys__n279
Node 70 has 1 origin(s):
  [0] Name: ys__n293
Node 71 has 1 origin(s):
  [0] Name: ys__n304
Node 72 has 1 origin(s):
  [0] Name: ys__n314
Node 73 has 1 origin(s):
  [0] Name: ys__n324
Node 74 has 1 origin(s):
  [0] Name: ys__n334
Node 75 has 1 origin(s):
  [0] Name: ys__n342
Node 76 has 1 origin(s):
  [0] Name: ys__n350
Node 77 has 1 origin(s):
  [0] Name: ys__n363
Node 78 has 1 origin(s):
  [0] Name: ys__n373
Node 79 has 1 origin(s):
  [0] Name: ys__n383
Node 80 has 1 origin(s):
  [0] Name: ys__n393
Node 81 has 1 origin(s):
  [0] Name: ys__n403
Node 82 has 1 origin(s):
  [0] Name: ys__n411
Node 83 has 1 origin(s):
  [0] Name: ys__n419
Node 84 has 1 origin(s):
  [0] Name: ys__n431
Node 85 has 1 origin(s):
  [0] Name: ys__n439
Node 86 has 1 origin(s):
  [0] Name: ys__n447
Node 87 has 1 origin(s):
  [0] Name: ys__n521
Node 88 has 1 origin(s):
  [0] Name: ys__n522
Node 220 has 1 origin(s):
  [0] Name: ys__n3
Node 221 has 1 origin(s):
  [0] Name: ys__n13
Node 222 has 1 origin(s):
  [0] Name: ys__n21
Node 223 has 1 origin(s):
  [0] Name: ys__n29
Node 224 has 1 origin(s):
  [0] Name: ys__n37
Node 225 has 1 origin(s):
  [0] Name: ys__n45
Node 226 has 1 origin(s):
  [0] Name: ys__n53
Node 227 has 1 origin(s):
  [0] Name: ys__n61
Node 228 has 1 origin(s):
  [0] Name: ys__n69
Node 229 has 1 origin(s):
  [0] Name: ys__n77
Node 230 has 1 origin(s):
  [0] Name: ys__n85
Node 231 has 1 origin(s):
  [0] Name: ys__n93
Node 232 has 1 origin(s):
  [0] Name: ys__n101
Node 233 has 1 origin(s):
  [0] Name: ys__n109
Node 234 has 1 origin(s):
  [0] Name: ys__n117
Node 235 has 1 origin(s):
  [0] Name: ys__n125
Node 236 has 1 origin(s):
  [0] Name: ys__n133
Node 237 has 1 origin(s):
  [0] Name: ys__n141
Node 238 has 1 origin(s):
  [0] Name: ys__n149
Node 239 has 1 origin(s):
  [0] Name: ys__n157
Node 240 has 1 origin(s):
  [0] Name: ys__n165
Node 241 has 1 origin(s):
  [0] Name: ys__n173
Node 242 has 1 origin(s):
  [0] Name: ys__n181
Node 243 has 1 origin(s):
  [0] Name: ys__n189
Node 244 has 1 origin(s):
  [0] Name: ys__n197
Node 245 has 1 origin(s):
  [0] Name: ys__n205
Node 246 has 1 origin(s):
  [0] Name: ys__n213
Node 247 has 1 origin(s):
  [0] Name: ys__n221
Node 248 has 1 origin(s):
  [0] Name: ys__n229
Node 249 has 1 origin(s):
  [0] Name: ys__n237
Node 250 has 1 origin(s):
  [0] Name: ys__n245
Node 251 has 1 origin(s):
  [0] Name: ys__n253
Node 252 has 1 origin(s):
  [0] Name: ys__n265
Node 253 has 1 origin(s):
  [0] Name: ys__n268
Node 254 has 1 origin(s):
  [0] Name: ys__n270
Node 255 has 1 origin(s):
  [0] Name: ys__n506
DEBUG: Number of entries: 124
DEBUG: Number of original nodes mapped: 124
Nr_ManAddOrigin: called by &get:Gia_ManFromAig
Nr_ManAddOrigin: called by &get:Gia_ManFromAig
Nr_ManAddOrigin: called by &get:Gia_ManFromAig
Nr_ManAddOrigin: called by &get:Gia_ManFromAig
Nr_ManAddOrigin: called by &get:Gia_ManFromAig
Nr_ManAddOrigin: called by &get:Gia_ManFromAig
Nr_ManAddOrigin: called by &get:Gia_ManFromAig
Nr_ManAddOrigin: called by &get:Gia_ManFromAig
Nr_ManAddOrigin: called by &get:Gia_ManFromAig
Nr_ManAddOrigin: called by &get:Gia_ManFromAig
Nr_ManAddOrigin: called by &get:Gia_ManFromAig
Nr_ManAddOrigin: called by &get:Gia_ManFromAig
Nr_ManAddOrigin: called by &get:Gia_ManFromAig
Nr_ManAddOrigin: called by &get:Gia_ManFromAig
Nr_ManAddOrigin: called by &get:Gia_ManFromAig
Nr_ManAddOrigin: called by &get:Gia_ManFromAig
Nr_ManAddOrigin: called by &get:Gia_ManFromAig
Nr_ManAddOrigin: called by &get:Gia_ManFromAig
Nr_ManAddOrigin: called by &get:Gia_ManFromAig
Nr_ManAddOrigin: called by &get:Gia_ManFromAig
Nr_ManAddOrigin: called by &get:Gia_ManFromAig
Nr_ManAddOrigin: called by &get:Gia_ManFromAig
Nr_ManAddOrigin: called by &get:Gia_ManFromAig
Nr_ManAddOrigin: called by &get:Gia_ManFromAig
Nr_ManAddOrigin: called by &get:Gia_ManFromAig
Nr_ManAddOrigin: called by &get:Gia_ManFromAig
Nr_ManAddOrigin: called by &get:Gia_ManFromAig
Nr_ManAddOrigin: called by &get:Gia_ManFromAig
Nr_ManAddOrigin: called by &get:Gia_ManFromAig
Nr_ManAddOrigin: called by &get:Gia_ManFromAig
Nr_ManAddOrigin: called by &get:Gia_ManFromAig
Nr_ManAddOrigin: called by &get:Gia_ManFromAig
Nr_ManAddOrigin: called by &get:Gia_ManFromAig
Nr_ManAddOrigin: called by &get:Gia_ManFromAig
Nr_ManAddOrigin: called by &get:Gia_ManFromAig
Nr_ManAddOrigin: called by &get:Gia_ManFromAig
Nr_ManAddOrigin: called by &get:Gia_ManFromAig
Nr_ManAddOrigin: called by &get:Gia_ManFromAig
Nr_ManAddOrigin: called by &get:Gia_ManFromAig
Nr_ManAddOrigin: called by &get:Gia_ManFromAig
Nr_ManAddOrigin: called by &get:Gia_ManFromAig
Nr_ManAddOrigin: called by &get:Gia_ManFromAig
Nr_ManAddOrigin: called by &get:Gia_ManFromAig
Nr_ManAddOrigin: called by &get:Gia_ManFromAig
Nr_ManAddOrigin: called by &get:Gia_ManFromAig
Nr_ManAddOrigin: called by &get:Gia_ManFromAig
Nr_ManAddOrigin: called by &get:Gia_ManFromAig
Nr_ManAddOrigin: called by &get:Gia_ManFromAig
Nr_ManAddOrigin: called by &get:Gia_ManFromAig
Nr_ManAddOrigin: called by &get:Gia_ManFromAig
Nr_ManAddOrigin: called by &get:Gia_ManFromAig
Nr_ManAddOrigin: called by &get:Gia_ManFromAig
Nr_ManAddOrigin: called by &get:Gia_ManFromAig
Nr_ManAddOrigin: called by &get:Gia_ManFromAig
Nr_ManAddOrigin: called by &get:Gia_ManFromAig
Nr_ManAddOrigin: called by &get:Gia_ManFromAig
Nr_ManAddOrigin: called by &get:Gia_ManFromAig
Nr_ManAddOrigin: called by &get:Gia_ManFromAig
Nr_ManAddOrigin: called by &get:Gia_ManFromAig
Nr_ManAddOrigin: called by &get:Gia_ManFromAig
Nr_ManAddOrigin: called by &get:Gia_ManFromAig
Nr_ManAddOrigin: called by &get:Gia_ManFromAig
Nr_ManAddOrigin: called by &get:Gia_ManFromAig
Nr_ManAddOrigin: called by &get:Gia_ManFromAig
Nr_ManAddOrigin: called by &get:Gia_ManFromAig
Nr_ManAddOrigin: called by &get:Gia_ManFromAig
Nr_ManAddOrigin: called by &get:Gia_ManFromAig
Nr_ManAddOrigin: called by &get:Gia_ManFromAig
Nr_ManAddOrigin: called by &get:Gia_ManFromAig
Nr_ManAddOrigin: called by &get:Gia_ManFromAig
Nr_ManAddOrigin: called by &get:Gia_ManFromAig
Nr_ManAddOrigin: called by &get:Gia_ManFromAig
Nr_ManAddOrigin: called by &get:Gia_ManFromAig
Nr_ManAddOrigin: called by &get:Gia_ManFromAig
Nr_ManAddOrigin: called by &get:Gia_ManFromAig
Nr_ManAddOrigin: called by &get:Gia_ManFromAig
Nr_ManAddOrigin: called by &get:Gia_ManFromAig
Nr_ManAddOrigin: called by &get:Gia_ManFromAig
Nr_ManAddOrigin: called by &get:Gia_ManFromAig
Nr_ManAddOrigin: called by &get:Gia_ManFromAig
Nr_ManAddOrigin: called by &get:Gia_ManFromAig
Nr_ManAddOrigin: called by &get:Gia_ManFromAig
Nr_ManAddOrigin: called by &get:Gia_ManFromAig
Nr_ManAddOrigin: called by &get:Gia_ManFromAig
Nr_ManAddOrigin: called by &get:Gia_ManFromAig
Nr_ManAddOrigin: called by &get:Gia_ManFromAig
Nr_ManAddOrigin: called by &get:Gia_ManFromAig
Nr_ManAddOrigin: called by &get:Gia_ManFromAig
Nr_ManAddOrigin: called by &get:Gia_ManFromAig
Nr_ManAddOrigin: called by &get:Gia_ManFromAig
Nr_ManAddOrigin: called by &get:Gia_ManFromAig
Nr_ManAddOrigin: called by &get:Gia_ManFromAig
Nr_ManAddOrigin: called by &get:Gia_ManFromAig
Nr_ManAddOrigin: called by &get:Gia_ManFromAig
Nr_ManAddOrigin: called by &get:Gia_ManFromAig
Nr_ManAddOrigin: called by &get:Gia_ManFromAig
Nr_ManAddOrigin: called by &get:Gia_ManFromAig
Nr_ManAddOrigin: called by &get:Gia_ManFromAig
Nr_ManAddOrigin: called by &get:Gia_ManFromAig
Nr_ManAddOrigin: called by &get:Gia_ManFromAig
Nr_ManAddOrigin: called by &get:Gia_ManFromAig
Nr_ManAddOrigin: called by &get:Gia_ManFromAig
Nr_ManAddOrigin: called by &get:Gia_ManFromAig
Nr_ManAddOrigin: called by &get:Gia_ManFromAig
Nr_ManAddOrigin: called by &get:Gia_ManFromAig
Nr_ManAddOrigin: called by &get:Gia_ManFromAig
Nr_ManAddOrigin: called by &get:Gia_ManFromAig
Nr_ManAddOrigin: called by &get:Gia_ManFromAig
Nr_ManAddOrigin: called by &get:Gia_ManFromAig
Nr_ManAddOrigin: called by &get:Gia_ManFromAig
Nr_ManAddOrigin: called by &get:Gia_ManFromAig
Nr_ManAddOrigin: called by &get:Gia_ManFromAig
Nr_ManAddOrigin: called by &get:Gia_ManFromAig
Nr_ManAddOrigin: called by &get:Gia_ManFromAig
Nr_ManAddOrigin: called by &get:Gia_ManFromAig
Nr_ManAddOrigin: called by &get:Gia_ManFromAig
Nr_ManAddOrigin: called by &get:Gia_ManFromAig
Nr_ManAddOrigin: called by &get:Gia_ManFromAig
Nr_ManAddOrigin: called by &get:Gia_ManFromAig
Nr_ManAddOrigin: called by &get:Gia_ManFromAig
Nr_ManAddOrigin: called by &get:Gia_ManFromAig
Nr_ManAddOrigin: called by &get:Gia_ManFromAig
Nr_ManAddOrigin: called by &get:Gia_ManFromAig
Nr_ManAddOrigin: called by &get:Gia_ManFromAig
DEBUG: Node retention after Gia_ManFromAig:
Printing all origins (124 entries):
Node 1 has 1 origin(s):
  [0] Name: ys__n7
Node 2 has 1 origin(s):
  [0] Name: ys__n8
Node 3 has 1 origin(s):
  [0] Name: ys__n11
Node 4 has 1 origin(s):
  [0] Name: ys__n17
Node 5 has 1 origin(s):
  [0] Name: ys__n19
Node 6 has 1 origin(s):
  [0] Name: ys__n25
Node 7 has 1 origin(s):
  [0] Name: ys__n27
Node 8 has 1 origin(s):
  [0] Name: ys__n33
Node 9 has 1 origin(s):
  [0] Name: ys__n35
Node 10 has 1 origin(s):
  [0] Name: ys__n41
Node 11 has 1 origin(s):
  [0] Name: ys__n43
Node 12 has 1 origin(s):
  [0] Name: ys__n49
Node 13 has 1 origin(s):
  [0] Name: ys__n51
Node 14 has 1 origin(s):
  [0] Name: ys__n57
Node 15 has 1 origin(s):
  [0] Name: ys__n59
Node 16 has 1 origin(s):
  [0] Name: ys__n65
Node 17 has 1 origin(s):
  [0] Name: ys__n67
Node 18 has 1 origin(s):
  [0] Name: ys__n73
Node 19 has 1 origin(s):
  [0] Name: ys__n75
Node 20 has 1 origin(s):
  [0] Name: ys__n81
Node 21 has 1 origin(s):
  [0] Name: ys__n83
Node 22 has 1 origin(s):
  [0] Name: ys__n89
Node 23 has 1 origin(s):
  [0] Name: ys__n91
Node 24 has 1 origin(s):
  [0] Name: ys__n97
Node 25 has 1 origin(s):
  [0] Name: ys__n99
Node 26 has 1 origin(s):
  [0] Name: ys__n105
Node 27 has 1 origin(s):
  [0] Name: ys__n107
Node 28 has 1 origin(s):
  [0] Name: ys__n113
Node 29 has 1 origin(s):
  [0] Name: ys__n115
Node 30 has 1 origin(s):
  [0] Name: ys__n121
Node 31 has 1 origin(s):
  [0] Name: ys__n123
Node 32 has 1 origin(s):
  [0] Name: ys__n129
Node 33 has 1 origin(s):
  [0] Name: ys__n131
Node 34 has 1 origin(s):
  [0] Name: ys__n137
Node 35 has 1 origin(s):
  [0] Name: ys__n139
Node 36 has 1 origin(s):
  [0] Name: ys__n145
Node 37 has 1 origin(s):
  [0] Name: ys__n147
Node 38 has 1 origin(s):
  [0] Name: ys__n153
Node 39 has 1 origin(s):
  [0] Name: ys__n155
Node 40 has 1 origin(s):
  [0] Name: ys__n161
Node 41 has 1 origin(s):
  [0] Name: ys__n163
Node 42 has 1 origin(s):
  [0] Name: ys__n169
Node 43 has 1 origin(s):
  [0] Name: ys__n171
Node 44 has 1 origin(s):
  [0] Name: ys__n177
Node 45 has 1 origin(s):
  [0] Name: ys__n179
Node 46 has 1 origin(s):
  [0] Name: ys__n185
Node 47 has 1 origin(s):
  [0] Name: ys__n187
Node 48 has 1 origin(s):
  [0] Name: ys__n193
Node 49 has 1 origin(s):
  [0] Name: ys__n195
Node 50 has 1 origin(s):
  [0] Name: ys__n201
Node 51 has 1 origin(s):
  [0] Name: ys__n203
Node 52 has 1 origin(s):
  [0] Name: ys__n209
Node 53 has 1 origin(s):
  [0] Name: ys__n211
Node 54 has 1 origin(s):
  [0] Name: ys__n217
Node 55 has 1 origin(s):
  [0] Name: ys__n219
Node 56 has 1 origin(s):
  [0] Name: ys__n225
Node 57 has 1 origin(s):
  [0] Name: ys__n227
Node 58 has 1 origin(s):
  [0] Name: ys__n233
Node 59 has 1 origin(s):
  [0] Name: ys__n235
Node 60 has 1 origin(s):
  [0] Name: ys__n241
Node 61 has 1 origin(s):
  [0] Name: ys__n243
Node 62 has 1 origin(s):
  [0] Name: ys__n249
Node 63 has 1 origin(s):
  [0] Name: ys__n251
Node 64 has 1 origin(s):
  [0] Name: ys__n257
Node 65 has 1 origin(s):
  [0] Name: ys__n259
Node 66 has 1 origin(s):
  [0] Name: ys__n260
Node 67 has 1 origin(s):
  [0] Name: ys__n264
Node 68 has 1 origin(s):
  [0] Name: ys__n267
Node 69 has 1 origin(s):
  [0] Name: ys__n279
Node 70 has 1 origin(s):
  [0] Name: ys__n293
Node 71 has 1 origin(s):
  [0] Name: ys__n304
Node 72 has 1 origin(s):
  [0] Name: ys__n314
Node 73 has 1 origin(s):
  [0] Name: ys__n324
Node 74 has 1 origin(s):
  [0] Name: ys__n334
Node 75 has 1 origin(s):
  [0] Name: ys__n342
Node 76 has 1 origin(s):
  [0] Name: ys__n350
Node 77 has 1 origin(s):
  [0] Name: ys__n363
Node 78 has 1 origin(s):
  [0] Name: ys__n373
Node 79 has 1 origin(s):
  [0] Name: ys__n383
Node 80 has 1 origin(s):
  [0] Name: ys__n393
Node 81 has 1 origin(s):
  [0] Name: ys__n403
Node 82 has 1 origin(s):
  [0] Name: ys__n411
Node 83 has 1 origin(s):
  [0] Name: ys__n419
Node 84 has 1 origin(s):
  [0] Name: ys__n431
Node 85 has 1 origin(s):
  [0] Name: ys__n439
Node 86 has 1 origin(s):
  [0] Name: ys__n447
Node 87 has 1 origin(s):
  [0] Name: ys__n521
Node 88 has 1 origin(s):
  [0] Name: ys__n522
Node 220 has 1 origin(s):
  [0] Name: ys__n3
Node 221 has 1 origin(s):
  [0] Name: ys__n13
Node 222 has 1 origin(s):
  [0] Name: ys__n21
Node 223 has 1 origin(s):
  [0] Name: ys__n29
Node 224 has 1 origin(s):
  [0] Name: ys__n37
Node 225 has 1 origin(s):
  [0] Name: ys__n45
Node 226 has 1 origin(s):
  [0] Name: ys__n53
Node 227 has 1 origin(s):
  [0] Name: ys__n61
Node 228 has 1 origin(s):
  [0] Name: ys__n69
Node 229 has 1 origin(s):
  [0] Name: ys__n77
Node 230 has 1 origin(s):
  [0] Name: ys__n85
Node 231 has 1 origin(s):
  [0] Name: ys__n93
Node 232 has 1 origin(s):
  [0] Name: ys__n101
Node 233 has 1 origin(s):
  [0] Name: ys__n109
Node 234 has 1 origin(s):
  [0] Name: ys__n117
Node 235 has 1 origin(s):
  [0] Name: ys__n125
Node 236 has 1 origin(s):
  [0] Name: ys__n133
Node 237 has 1 origin(s):
  [0] Name: ys__n141
Node 238 has 1 origin(s):
  [0] Name: ys__n149
Node 239 has 1 origin(s):
  [0] Name: ys__n157
Node 240 has 1 origin(s):
  [0] Name: ys__n165
Node 241 has 1 origin(s):
  [0] Name: ys__n173
Node 242 has 1 origin(s):
  [0] Name: ys__n181
Node 243 has 1 origin(s):
  [0] Name: ys__n189
Node 244 has 1 origin(s):
  [0] Name: ys__n197
Node 245 has 1 origin(s):
  [0] Name: ys__n205
Node 246 has 1 origin(s):
  [0] Name: ys__n213
Node 247 has 1 origin(s):
  [0] Name: ys__n221
Node 248 has 1 origin(s):
  [0] Name: ys__n229
Node 249 has 1 origin(s):
  [0] Name: ys__n237
Node 250 has 1 origin(s):
  [0] Name: ys__n245
Node 251 has 1 origin(s):
  [0] Name: ys__n253
Node 252 has 1 origin(s):
  [0] Name: ys__n265
Node 253 has 1 origin(s):
  [0] Name: ys__n268
Node 254 has 1 origin(s):
  [0] Name: ys__n270
Node 255 has 1 origin(s):
  [0] Name: ys__n506
DEBUG: Number of entries: 124
DEBUG: Number of original nodes mapped: 124
Nr_ManAddOrigin: called by &put:Abc_NtkFromCellMappedGia
Nr_ManAddOrigin: called by &put:Abc_NtkFromCellMappedGia
Nr_ManAddOrigin: called by &put:Abc_NtkFromCellMappedGia
Nr_ManAddOrigin: called by &put:Abc_NtkFromCellMappedGia
Nr_ManAddOrigin: called by &put:Abc_NtkFromCellMappedGia
Nr_ManAddOrigin: called by &put:Abc_NtkFromCellMappedGia
Nr_ManAddOrigin: called by &put:Abc_NtkFromCellMappedGia
Nr_ManAddOrigin: called by &put:Abc_NtkFromCellMappedGia
Nr_ManAddOrigin: called by &put:Abc_NtkFromCellMappedGia
Nr_ManAddOrigin: called by &put:Abc_NtkFromCellMappedGia
Nr_ManAddOrigin: called by &put:Abc_NtkFromCellMappedGia
Nr_ManAddOrigin: called by &put:Abc_NtkFromCellMappedGia
Nr_ManAddOrigin: called by &put:Abc_NtkFromCellMappedGia
Nr_ManAddOrigin: called by &put:Abc_NtkFromCellMappedGia
Nr_ManAddOrigin: called by &put:Abc_NtkFromCellMappedGia
Nr_ManAddOrigin: called by &put:Abc_NtkFromCellMappedGia
Nr_ManAddOrigin: called by &put:Abc_NtkFromCellMappedGia
Nr_ManAddOrigin: called by &put:Abc_NtkFromCellMappedGia
Nr_ManAddOrigin: called by &put:Abc_NtkFromCellMappedGia
Nr_ManAddOrigin: called by &put:Abc_NtkFromCellMappedGia
Nr_ManAddOrigin: called by &put:Abc_NtkFromCellMappedGia
Nr_ManAddOrigin: called by &put:Abc_NtkFromCellMappedGia
Nr_ManAddOrigin: called by &put:Abc_NtkFromCellMappedGia
Nr_ManAddOrigin: called by &put:Abc_NtkFromCellMappedGia
Nr_ManAddOrigin: called by &put:Abc_NtkFromCellMappedGia
Nr_ManAddOrigin: called by &put:Abc_NtkFromCellMappedGia
Nr_ManAddOrigin: called by &put:Abc_NtkFromCellMappedGia
Nr_ManAddOrigin: called by &put:Abc_NtkFromCellMappedGia
Nr_ManAddOrigin: called by &put:Abc_NtkFromCellMappedGia
Nr_ManAddOrigin: called by &put:Abc_NtkFromCellMappedGia
Nr_ManAddOrigin: called by &put:Abc_NtkFromCellMappedGia
Nr_ManAddOrigin: called by &put:Abc_NtkFromCellMappedGia
Nr_ManAddOrigin: called by &put:Abc_NtkFromCellMappedGia
Nr_ManAddOrigin: called by &put:Abc_NtkFromCellMappedGia
Nr_ManAddOrigin: called by &put:Abc_NtkFromCellMappedGia
Nr_ManAddOrigin: called by &put:Abc_NtkFromCellMappedGia
Nr_ManAddOrigin: called by &put:Abc_NtkFromCellMappedGia
Nr_ManAddOrigin: called by &put:Abc_NtkFromCellMappedGia
Nr_ManAddOrigin: called by &put:Abc_NtkFromCellMappedGia
Nr_ManAddOrigin: called by &put:Abc_NtkFromCellMappedGia
Nr_ManAddOrigin: called by &put:Abc_NtkFromCellMappedGia
Nr_ManAddOrigin: called by &put:Abc_NtkFromCellMappedGia
Nr_ManAddOrigin: called by &put:Abc_NtkFromCellMappedGia
Nr_ManAddOrigin: called by &put:Abc_NtkFromCellMappedGia
Nr_ManAddOrigin: called by &put:Abc_NtkFromCellMappedGia
Nr_ManAddOrigin: called by &put:Abc_NtkFromCellMappedGia
Nr_ManAddOrigin: called by &put:Abc_NtkFromCellMappedGia
Nr_ManAddOrigin: called by &put:Abc_NtkFromCellMappedGia
Nr_ManAddOrigin: called by &put:Abc_NtkFromCellMappedGia
Nr_ManAddOrigin: called by &put:Abc_NtkFromCellMappedGia
Nr_ManAddOrigin: called by &put:Abc_NtkFromCellMappedGia
Nr_ManAddOrigin: called by &put:Abc_NtkFromCellMappedGia
Nr_ManAddOrigin: called by &put:Abc_NtkFromCellMappedGia
Nr_ManAddOrigin: called by &put:Abc_NtkFromCellMappedGia
Nr_ManAddOrigin: called by &put:Abc_NtkFromCellMappedGia
Nr_ManAddOrigin: called by &put:Abc_NtkFromCellMappedGia
Nr_ManAddOrigin: called by &put:Abc_NtkFromCellMappedGia
Nr_ManAddOrigin: called by &put:Abc_NtkFromCellMappedGia
Nr_ManAddOrigin: called by &put:Abc_NtkFromCellMappedGia
Nr_ManAddOrigin: called by &put:Abc_NtkFromCellMappedGia
Nr_ManAddOrigin: called by &put:Abc_NtkFromCellMappedGia
Nr_ManAddOrigin: called by &put:Abc_NtkFromCellMappedGia
Nr_ManAddOrigin: called by &put:Abc_NtkFromCellMappedGia
Nr_ManAddOrigin: called by &put:Abc_NtkFromCellMappedGia
Nr_ManAddOrigin: called by &put:Abc_NtkFromCellMappedGia
Nr_ManAddOrigin: called by &put:Abc_NtkFromCellMappedGia
Nr_ManAddOrigin: called by &put:Abc_NtkFromCellMappedGia
Nr_ManAddOrigin: called by &put:Abc_NtkFromCellMappedGia
Nr_ManAddOrigin: called by &put:Abc_NtkFromCellMappedGia
Nr_ManAddOrigin: called by &put:Abc_NtkFromCellMappedGia
Nr_ManAddOrigin: called by &put:Abc_NtkFromCellMappedGia
Nr_ManAddOrigin: called by &put:Abc_NtkFromCellMappedGia
Nr_ManAddOrigin: called by &put:Abc_NtkFromCellMappedGia
Nr_ManAddOrigin: called by &put:Abc_NtkFromCellMappedGia
Nr_ManAddOrigin: called by &put:Abc_NtkFromCellMappedGia
Nr_ManAddOrigin: called by &put:Abc_NtkFromCellMappedGia
Nr_ManAddOrigin: called by &put:Abc_NtkFromCellMappedGia
Nr_ManAddOrigin: called by &put:Abc_NtkFromCellMappedGia
Nr_ManAddOrigin: called by &put:Abc_NtkFromCellMappedGia
Nr_ManAddOrigin: called by &put:Abc_NtkFromCellMappedGia
Nr_ManAddOrigin: called by &put:Abc_NtkFromCellMappedGia
Nr_ManAddOrigin: called by &put:Abc_NtkFromCellMappedGia
Nr_ManAddOrigin: called by &put:Abc_NtkFromCellMappedGia
Nr_ManAddOrigin: called by &put:Abc_NtkFromCellMappedGia
Nr_ManAddOrigin: called by &put:Abc_NtkFromCellMappedGia
Nr_ManAddOrigin: called by &put:Abc_NtkFromCellMappedGia
Nr_ManAddOrigin: called by &put:Abc_NtkFromCellMappedGia
Nr_ManAddOrigin: called by &put:Abc_NtkFromCellMappedGia
Nr_ManAddOrigin: called by &put:Abc_NtkFromCellMappedGia
Nr_ManAddOrigin: called by &put:Abc_NtkFromCellMappedGia
Nr_ManAddOrigin: called by &put:Abc_NtkFromCellMappedGia
Nr_ManAddOrigin: called by &put:Abc_NtkFromCellMappedGia
Nr_ManAddOrigin: called by &put:Abc_NtkFromCellMappedGia
Nr_ManAddOrigin: called by &put:Abc_NtkFromCellMappedGia
Nr_ManAddOrigin: called by &put:Abc_NtkFromCellMappedGia
Nr_ManAddOrigin: called by &put:Abc_NtkFromCellMappedGia
Nr_ManAddOrigin: called by &put:Abc_NtkFromCellMappedGia
Nr_ManAddOrigin: called by &put:Abc_NtkFromCellMappedGia
Nr_ManAddOrigin: called by &put:Abc_NtkFromCellMappedGia
Nr_ManAddOrigin: called by &put:Abc_NtkFromCellMappedGia
Nr_ManAddOrigin: called by &put:Abc_NtkFromCellMappedGia
Nr_ManAddOrigin: called by &put:Abc_NtkFromCellMappedGia
Nr_ManAddOrigin: called by &put:Abc_NtkFromCellMappedGia
Nr_ManAddOrigin: called by &put:Abc_NtkFromCellMappedGia
Nr_ManAddOrigin: called by &put:Abc_NtkFromCellMappedGia
Nr_ManAddOrigin: called by &put:Abc_NtkFromCellMappedGia
Nr_ManAddOrigin: called by &put:Abc_NtkFromCellMappedGia
Nr_ManAddOrigin: called by &put:Abc_NtkFromCellMappedGia
Nr_ManAddOrigin: called by &put:Abc_NtkFromCellMappedGia
Nr_ManAddOrigin: called by &put:Abc_NtkFromCellMappedGia
Nr_ManAddOrigin: called by &put:Abc_NtkFromCellMappedGia
Nr_ManAddOrigin: called by &put:Abc_NtkFromCellMappedGia
Nr_ManAddOrigin: called by &put:Abc_NtkFromCellMappedGia
Nr_ManAddOrigin: called by &put:Abc_NtkFromCellMappedGia
Nr_ManAddOrigin: called by &put:Abc_NtkFromCellMappedGia
Nr_ManAddOrigin: called by &put:Abc_NtkFromCellMappedGia
Nr_ManAddOrigin: called by &put:Abc_NtkFromCellMappedGia
Nr_ManAddOrigin: called by &put:Abc_NtkFromCellMappedGia
Nr_ManAddOrigin: called by &put:Abc_NtkFromCellMappedGia
Nr_ManAddOrigin: called by &put:Abc_NtkFromCellMappedGia
Nr_ManAddOrigin: called by &put:Abc_NtkFromCellMappedGia
Nr_ManAddOrigin: called by &put:Abc_NtkFromCellMappedGia
Nr_ManAddOrigin: called by &put:Abc_NtkFromCellMappedGia
Nr_ManAddOrigin: called by &put:Abc_NtkFromCellMappedGia
Nr_ManAddOrigin: called by &put:Abc_NtkFromCellMappedGia
Nr_ManAddOrigin: called by &put:Abc_NtkFromCellMappedGia
Nr_ManAddOrigin: called by &put:Abc_NtkFromCellMappedGia
Nr_ManAddOrigin: called by &put:Abc_NtkFromCellMappedGia
Nr_ManAddOrigin: called by &put:Abc_NtkFromCellMappedGia
Nr_ManAddOrigin: called by &put:Abc_NtkFromCellMappedGia
Nr_ManAddOrigin: called by &put:Abc_NtkFromCellMappedGia
Nr_ManAddOrigin: called by &put:Abc_NtkFromCellMappedGia
Nr_ManAddOrigin: called by &put:Abc_NtkFromCellMappedGia
Nr_ManAddOrigin: called by &put:Abc_NtkFromCellMappedGia
Nr_ManAddOrigin: called by &put:Abc_NtkFromCellMappedGia
Nr_ManAddOrigin: called by &put:Abc_NtkFromCellMappedGia
DEBUG: Node retention after Abc_NtkFromCellMappedGia:
Printing all origins (136 entries):
Node 1 has 1 origin(s):
  [0] Name: ys__n7
Node 2 has 1 origin(s):
  [0] Name: ys__n8
Node 3 has 1 origin(s):
  [0] Name: ys__n11
Node 4 has 1 origin(s):
  [0] Name: ys__n17
Node 5 has 1 origin(s):
  [0] Name: ys__n19
Node 6 has 1 origin(s):
  [0] Name: ys__n25
Node 7 has 1 origin(s):
  [0] Name: ys__n27
Node 8 has 1 origin(s):
  [0] Name: ys__n33
Node 9 has 1 origin(s):
  [0] Name: ys__n35
Node 10 has 1 origin(s):
  [0] Name: ys__n41
Node 11 has 1 origin(s):
  [0] Name: ys__n43
Node 12 has 1 origin(s):
  [0] Name: ys__n49
Node 13 has 1 origin(s):
  [0] Name: ys__n51
Node 14 has 1 origin(s):
  [0] Name: ys__n57
Node 15 has 1 origin(s):
  [0] Name: ys__n59
Node 16 has 1 origin(s):
  [0] Name: ys__n65
Node 17 has 1 origin(s):
  [0] Name: ys__n67
Node 18 has 1 origin(s):
  [0] Name: ys__n73
Node 19 has 1 origin(s):
  [0] Name: ys__n75
Node 20 has 1 origin(s):
  [0] Name: ys__n81
Node 21 has 1 origin(s):
  [0] Name: ys__n83
Node 22 has 1 origin(s):
  [0] Name: ys__n89
Node 23 has 1 origin(s):
  [0] Name: ys__n91
Node 24 has 1 origin(s):
  [0] Name: ys__n97
Node 25 has 1 origin(s):
  [0] Name: ys__n99
Node 26 has 1 origin(s):
  [0] Name: ys__n105
Node 27 has 1 origin(s):
  [0] Name: ys__n107
Node 28 has 1 origin(s):
  [0] Name: ys__n113
Node 29 has 1 origin(s):
  [0] Name: ys__n115
Node 30 has 1 origin(s):
  [0] Name: ys__n121
Node 31 has 1 origin(s):
  [0] Name: ys__n123
Node 32 has 1 origin(s):
  [0] Name: ys__n129
Node 33 has 1 origin(s):
  [0] Name: ys__n131
Node 34 has 1 origin(s):
  [0] Name: ys__n137
Node 35 has 1 origin(s):
  [0] Name: ys__n139
Node 36 has 1 origin(s):
  [0] Name: ys__n145
Node 37 has 1 origin(s):
  [0] Name: ys__n147
Node 38 has 1 origin(s):
  [0] Name: ys__n153
Node 39 has 1 origin(s):
  [0] Name: ys__n155
Node 40 has 1 origin(s):
  [0] Name: ys__n161
Node 41 has 1 origin(s):
  [0] Name: ys__n163
Node 42 has 1 origin(s):
  [0] Name: ys__n169
Node 43 has 1 origin(s):
  [0] Name: ys__n171
Node 44 has 1 origin(s):
  [0] Name: ys__n177
Node 45 has 1 origin(s):
  [0] Name: ys__n179
Node 46 has 1 origin(s):
  [0] Name: ys__n185
Node 47 has 1 origin(s):
  [0] Name: ys__n187
Node 48 has 1 origin(s):
  [0] Name: ys__n193
Node 49 has 1 origin(s):
  [0] Name: ys__n195
Node 50 has 1 origin(s):
  [0] Name: ys__n201
Node 51 has 1 origin(s):
  [0] Name: ys__n203
Node 52 has 1 origin(s):
  [0] Name: ys__n209
Node 53 has 1 origin(s):
  [0] Name: ys__n211
Node 54 has 1 origin(s):
  [0] Name: ys__n217
Node 55 has 1 origin(s):
  [0] Name: ys__n219
Node 56 has 1 origin(s):
  [0] Name: ys__n225
Node 57 has 1 origin(s):
  [0] Name: ys__n227
Node 58 has 1 origin(s):
  [0] Name: ys__n233
Node 59 has 1 origin(s):
  [0] Name: ys__n235
Node 60 has 1 origin(s):
  [0] Name: ys__n241
Node 61 has 1 origin(s):
  [0] Name: ys__n243
Node 62 has 1 origin(s):
  [0] Name: ys__n249
Node 63 has 1 origin(s):
  [0] Name: ys__n251
Node 64 has 1 origin(s):
  [0] Name: ys__n257
Node 65 has 1 origin(s):
  [0] Name: ys__n259
Node 66 has 1 origin(s):
  [0] Name: ys__n260
Node 67 has 1 origin(s):
  [0] Name: ys__n264
Node 68 has 1 origin(s):
  [0] Name: ys__n267
Node 69 has 1 origin(s):
  [0] Name: ys__n279
Node 70 has 1 origin(s):
  [0] Name: ys__n293
Node 71 has 1 origin(s):
  [0] Name: ys__n304
Node 72 has 1 origin(s):
  [0] Name: ys__n314
Node 73 has 1 origin(s):
  [0] Name: ys__n324
Node 74 has 1 origin(s):
  [0] Name: ys__n334
Node 75 has 1 origin(s):
  [0] Name: ys__n342
Node 76 has 1 origin(s):
  [0] Name: ys__n350
Node 77 has 1 origin(s):
  [0] Name: ys__n363
Node 78 has 1 origin(s):
  [0] Name: ys__n373
Node 79 has 1 origin(s):
  [0] Name: ys__n383
Node 80 has 1 origin(s):
  [0] Name: ys__n393
Node 81 has 1 origin(s):
  [0] Name: ys__n403
Node 82 has 1 origin(s):
  [0] Name: ys__n411
Node 83 has 1 origin(s):
  [0] Name: ys__n419
Node 84 has 1 origin(s):
  [0] Name: ys__n431
Node 85 has 1 origin(s):
  [0] Name: ys__n439
Node 86 has 1 origin(s):
  [0] Name: ys__n447
Node 87 has 1 origin(s):
  [0] Name: ys__n521
Node 88 has 1 origin(s):
  [0] Name: ys__n522
Node 89 has 1 origin(s):
  [0] Name: ys__n3
Node 90 has 1 origin(s):
  [0] Name: ys__n13
Node 91 has 1 origin(s):
  [0] Name: ys__n21
Node 92 has 1 origin(s):
  [0] Name: ys__n29
Node 93 has 1 origin(s):
  [0] Name: ys__n37
Node 94 has 1 origin(s):
  [0] Name: ys__n45
Node 95 has 1 origin(s):
  [0] Name: ys__n53
Node 96 has 1 origin(s):
  [0] Name: ys__n61
Node 97 has 1 origin(s):
  [0] Name: ys__n69
Node 98 has 1 origin(s):
  [0] Name: ys__n77
Node 99 has 1 origin(s):
  [0] Name: ys__n85
Node 100 has 1 origin(s):
  [0] Name: ys__n93
Node 101 has 1 origin(s):
  [0] Name: ys__n101
Node 102 has 1 origin(s):
  [0] Name: ys__n109
Node 103 has 1 origin(s):
  [0] Name: ys__n117
Node 104 has 1 origin(s):
  [0] Name: ys__n125
Node 105 has 1 origin(s):
  [0] Name: ys__n133
Node 106 has 1 origin(s):
  [0] Name: ys__n141
Node 107 has 1 origin(s):
  [0] Name: ys__n149
Node 108 has 1 origin(s):
  [0] Name: ys__n157
Node 109 has 1 origin(s):
  [0] Name: ys__n165
Node 110 has 1 origin(s):
  [0] Name: ys__n173
Node 111 has 1 origin(s):
  [0] Name: ys__n181
Node 112 has 1 origin(s):
  [0] Name: ys__n189
Node 113 has 1 origin(s):
  [0] Name: ys__n197
Node 114 has 1 origin(s):
  [0] Name: ys__n205
Node 115 has 1 origin(s):
  [0] Name: ys__n213
Node 116 has 1 origin(s):
  [0] Name: ys__n221
Node 117 has 1 origin(s):
  [0] Name: ys__n229
Node 118 has 1 origin(s):
  [0] Name: ys__n237
Node 119 has 1 origin(s):
  [0] Name: ys__n245
Node 120 has 1 origin(s):
  [0] Name: ys__n253
Node 121 has 1 origin(s):
  [0] Name: ys__n265
Node 122 has 1 origin(s):
  [0] Name: ys__n268
Node 123 has 1 origin(s):
  [0] Name: ys__n270
Node 124 has 1 origin(s):
  [0] Name: ys__n506
Node 125 has 1 origin(s):
  [0] Name: ys__n293
Node 126 has 1 origin(s):
  [0] Name: ys__n304
Node 127 has 1 origin(s):
  [0] Name: ys__n314
Node 128 has 1 origin(s):
  [0] Name: ys__n324
Node 129 has 1 origin(s):
  [0] Name: ys__n334
Node 130 has 1 origin(s):
  [0] Name: ys__n342
Node 131 has 1 origin(s):
  [0] Name: ys__n363
Node 132 has 1 origin(s):
  [0] Name: ys__n393
Node 133 has 1 origin(s):
  [0] Name: ys__n403
Node 134 has 1 origin(s):
  [0] Name: ys__n431
Node 135 has 1 origin(s):
  [0] Name: ys__n439
Node 136 has 1 origin(s):
  [0] Name: ys__n447
DEBUG: Number of entries: 136
DEBUG: Number of original nodes mapped: 124
Nodes by level:
 0 : 
 1 :  n125 n126 n127 n128 n129 n130 n131 n132 n133 n134 n135 n136 ys__n3 ys__n13 ys__n21 ys__n29 ys__n37 ys__n45 ys__n53 ys__n61 ys__n69 ys__n77 ys__n85 ys__n93 ys__n101 ys__n109 ys__n117 ys__n125 ys__n133 ys__n141 ys__n149 ys__n157 ys__n165 ys__n173 ys__n181 ys__n189 ys__n197 ys__n205 ys__n213 ys__n221 ys__n229 ys__n237 ys__n245 ys__n253 n169 n193 n199
 2 :  n170 n176 n184 n188 n194 n200
 3 :  n171 n177 n185 n189
 4 :  n172 n178
 5 :  n173 n179
 6 :  n174 n180
 7 :  n175 n181
 8 :  n182
 9 :  n183
10 :  n186 n190 n195 n198
11 :  ys__n265 n191 n196 ys__n270
12 :  ys__n268 ys__n506
